#
# There is insufficient memory for the Java Runtime Environment to continue.
# Native memory allocation (malloc) failed to allocate 860816 bytes for Chunk::new
# Possible reasons:
#   The system is out of physical RAM or swap space
#   The process is running with CompressedOops enabled, and the Java Heap may be blocking the growth of the native heap
# Possible solutions:
#   Reduce memory load on the system
#   Increase physical memory or swap space
#   Check if swap backing store is full
#   Decrease Java heap size (-Xmx/-Xms)
#   Decrease number of Java threads
#   Decrease Java thread stack sizes (-Xss)
#   Set larger code cache with -XX:ReservedCodeCacheSize=
#   JVM is running with Unscaled Compressed Oops mode in which the Java heap is
#     placed in the first 4GB address space. The Java Heap base address is the
#     maximum limit for the native heap growth. Please use -XX:HeapBaseMinAddress
#     to set the Java Heap base and to place the Java Heap above 4GB virtual address.
# This output file may be truncated or incomplete.
#
#  Out of Memory Error (./src/hotspot/share/memory/arena.cpp:197), pid=1472, tid=15208
#
# JRE version: OpenJDK Runtime Environment (11.0.11+9) (build 11.0.11+9-b60-7590822)
# Java VM: OpenJDK 64-Bit Server VM (11.0.11+9-b60-7590822, mixed mode, tiered, compressed oops, g1 gc, windows-amd64)
# No core dump will be written. Minidumps are not enabled by default on client versions of Windows
#

---------------  S U M M A R Y ------------

Command Line: --add-opens=java.base/java.util=ALL-UNNAMED --add-opens=java.base/java.lang=ALL-UNNAMED --add-opens=java.base/java.lang.invoke=ALL-UNNAMED --add-opens=java.base/java.util=ALL-UNNAMED --add-opens=java.prefs/java.util.prefs=ALL-UNNAMED --add-opens=java.prefs/java.util.prefs=ALL-UNNAMED --add-opens=java.base/java.nio.charset=ALL-UNNAMED --add-opens=java.base/java.net=ALL-UNNAMED --add-opens=java.base/java.util.concurrent.atomic=ALL-UNNAMED -Xmx2048m -Dfile.encoding=UTF-8 -Duser.country=US -Duser.language=en -Duser.variant org.gradle.launcher.daemon.bootstrap.GradleDaemon 7.2

Host: AMD Ryzen 7 4800H with Radeon Graphics         , 16 cores, 7G,  Windows 10 , 64 bit Build 22581 (10.0.22581.1)
Time: Tue Apr  5 21:36:40 2022 SE Asia Standard Time elapsed time: 11.774147 seconds (0d 0h 0m 11s)

---------------  T H R E A D  ---------------

Current thread (0x0000028f3d83a000):  JavaThread "C2 CompilerThread1" daemon [_thread_in_native, id=15208, stack(0x000000c521500000,0x000000c521600000)]


Current CompileTask:
C2:  11774 8055   !   4       com.google.common.reflect.TypeVisitor::visit (244 bytes)

Stack: [0x000000c521500000,0x000000c521600000]
Native frames: (J=compiled Java code, j=interpreted, Vv=VM code, C=native code)
V  [jvm.dll+0x5f214a]
V  [jvm.dll+0x726fb5]
V  [jvm.dll+0x7285cd]
V  [jvm.dll+0x728c83]
V  [jvm.dll+0x243278]
V  [jvm.dll+0xbc53c]
V  [jvm.dll+0xbca3c]
V  [jvm.dll+0x2b5c34]
V  [jvm.dll+0x508488]
V  [jvm.dll+0x1fd92d]
V  [jvm.dll+0x1fb35f]
V  [jvm.dll+0x183d6c]
V  [jvm.dll+0x209a57]
V  [jvm.dll+0x2082a1]
V  [jvm.dll+0x6ef58f]
V  [jvm.dll+0x6e80b5]
V  [jvm.dll+0x5f1036]
C  [ucrtbase.dll+0x29363]
C  [KERNEL32.DLL+0x16624]
C  [ntdll.dll+0x4a958]


---------------  P R O C E S S  ---------------

Threads class SMR info:
_java_thread_list=0x0000028f41c18b10, length=188, elements={
0x0000028f1f84d000, 0x0000028f3afd1800, 0x0000028f3afd4800, 0x0000028f3b023800,
0x0000028f3b024800, 0x0000028f3b025800, 0x0000028f3b027000, 0x0000028f3b02a800,
0x0000028f3b02f800, 0x0000028f3b129000, 0x0000028f3b186800, 0x0000028f3bf8b000,
0x0000028f3bef3000, 0x0000028f3c1c6800, 0x0000028f3d4d2000, 0x0000028f3b332000,
0x0000028f3be65800, 0x0000028f3dad0800, 0x0000028f3daa0000, 0x0000028f3c6ec800,
0x0000028f3e23d800, 0x0000028f3e4c8800, 0x0000028f3d35f000, 0x0000028f3d35d000,
0x0000028f3d362000, 0x0000028f3d361800, 0x0000028f3d83a000, 0x0000028f3d364000,
0x0000028f3d363000, 0x0000028f3d360800, 0x0000028f3d35e000, 0x0000028f3d35f800,
0x0000028f408be000, 0x0000028f408bc800, 0x0000028f408c0800, 0x0000028f408bf000,
0x0000028f408bf800, 0x0000028f408ba800, 0x0000028f408bd000, 0x0000028f408c1000,
0x0000028f408bb800, 0x0000028f408c4800, 0x0000028f408c7000, 0x0000028f408c3800,
0x0000028f408c6000, 0x0000028f408c3000, 0x0000028f408c7800, 0x0000028f408c2000,
0x0000028f408c8800, 0x0000028f408c9800, 0x0000028f403cc800, 0x0000028f403ca000,
0x0000028f403cc000, 0x0000028f403cb000, 0x0000028f403d1800, 0x0000028f403d4000,
0x0000028f403ce000, 0x0000028f403d5000, 0x0000028f403d8000, 0x0000028f403d5800,
0x0000028f403d6800, 0x0000028f403d2800, 0x0000028f403d7000, 0x0000028f403d9000,
0x0000028f403d3000, 0x0000028f405ec800, 0x0000028f405ed800, 0x0000028f405ee000,
0x0000028f405ef000, 0x0000028f405f0000, 0x0000028f405ea000, 0x0000028f405f0800,
0x0000028f405eb000, 0x0000028f405f1800, 0x0000028f405eb800, 0x0000028f405f6800,
0x0000028f405f3000, 0x0000028f405f7000, 0x0000028f405f8000, 0x0000028f405f2000,
0x0000028f405f5800, 0x0000028f405f8800, 0x0000028f405f4000, 0x0000028f405f4800,
0x0000028f43634000, 0x0000028f43633800, 0x0000028f43636800, 0x0000028f43635000,
0x0000028f43636000, 0x0000028f43637800, 0x0000028f43632800, 0x0000028f43631800,
0x0000028f4363a000, 0x0000028f43639000, 0x0000028f4363c800, 0x0000028f4363a800,
0x0000028f4363b800, 0x0000028f4363d000, 0x0000028f4363e000, 0x0000028f43638800,
0x0000028f4363f000, 0x0000028f4363f800, 0x0000028f43640800, 0x0000028f4024e800,
0x0000028f4024f000, 0x0000028f4024a800, 0x0000028f4024d800, 0x0000028f4024c800,
0x0000028f4024c000, 0x0000028f4024b000, 0x0000028f40250000, 0x0000028f40251000,
0x0000028f41c39800, 0x0000028f41c3d000, 0x0000028f41c3a800, 0x0000028f41c3b000,
0x0000028f41c3c000, 0x0000028f41c39000, 0x0000028f41c37000, 0x0000028f41c3d800,
0x0000028f41c38000, 0x0000028f41c44000, 0x0000028f41c41000, 0x0000028f41c40000,
0x0000028f41c41800, 0x0000028f41c3e800, 0x0000028f41c42800, 0x0000028f41c43800,
0x0000028f41c45000, 0x0000028f41c3f800, 0x0000028f41c46000, 0x0000028f419a9800,
0x0000028f419a7000, 0x0000028f419ab800, 0x0000028f419ad800, 0x0000028f419aa800,
0x0000028f419a8000, 0x0000028f419ac000, 0x0000028f419ae800, 0x0000028f419ad000,
0x0000028f419a9000, 0x0000028f419af800, 0x0000028f419b3800, 0x0000028f419b5000,
0x0000028f419b6000, 0x0000028f419b2800, 0x0000028f419b0000, 0x0000028f419b4800,
0x0000028f419b1000, 0x0000028f419b2000, 0x0000028f41cf6800, 0x0000028f41cf8800,
0x0000028f41cf7800, 0x0000028f41cf9000, 0x0000028f41cf5000, 0x0000028f41cfa000,
0x0000028f41cfa800, 0x0000028f41cfb800, 0x0000028f41cf6000, 0x0000028f41cfc800,
0x0000028f41cff800, 0x0000028f41cfd000, 0x0000028f41cff000, 0x0000028f41d00800,
0x0000028f41d01800, 0x0000028f41d03000, 0x0000028f41d02000, 0x0000028f41d03800,
0x0000028f41cfe000, 0x0000028f41b56800, 0x0000028f41b54000, 0x0000028f41b52800,
0x0000028f41b59000, 0x0000028f41b58000, 0x0000028f41b55000, 0x0000028f41b56000,
0x0000028f41b53800, 0x0000028f41b5d000, 0x0000028f41b57800, 0x0000028f41b5a000,
0x0000028f41b5e000, 0x0000028f41b5c800, 0x0000028f41b5e800, 0x0000028f41b5f800,
0x0000028f41b60800, 0x0000028f41b5a800, 0x0000028f41b61000, 0x0000028f41b5b800
}

Java Threads: ( => current thread )
  0x0000028f1f84d000 JavaThread "main" [_thread_blocked, id=16196, stack(0x000000c51e500000,0x000000c51e600000)]
  0x0000028f3afd1800 JavaThread "Reference Handler" daemon [_thread_blocked, id=18092, stack(0x000000c51ec00000,0x000000c51ed00000)]
  0x0000028f3afd4800 JavaThread "Finalizer" daemon [_thread_blocked, id=7480, stack(0x000000c51ed00000,0x000000c51ee00000)]
  0x0000028f3b023800 JavaThread "Signal Dispatcher" daemon [_thread_blocked, id=6364, stack(0x000000c51ee00000,0x000000c51ef00000)]
  0x0000028f3b024800 JavaThread "Attach Listener" daemon [_thread_blocked, id=10788, stack(0x000000c51ef00000,0x000000c51f000000)]
  0x0000028f3b025800 JavaThread "Service Thread" daemon [_thread_blocked, id=13852, stack(0x000000c51f000000,0x000000c51f100000)]
  0x0000028f3b027000 JavaThread "C2 CompilerThread0" daemon [_thread_in_native, id=8336, stack(0x000000c51f100000,0x000000c51f200000)]
  0x0000028f3b02a800 JavaThread "C1 CompilerThread0" daemon [_thread_blocked, id=18120, stack(0x000000c51f200000,0x000000c51f300000)]
  0x0000028f3b02f800 JavaThread "Sweeper thread" daemon [_thread_blocked, id=19804, stack(0x000000c51f300000,0x000000c51f400000)]
  0x0000028f3b129000 JavaThread "C1 CompilerThread1" daemon [_thread_blocked, id=15140, stack(0x000000c51f400000,0x000000c51f500000)]
  0x0000028f3b186800 JavaThread "Common-Cleaner" daemon [_thread_blocked, id=4012, stack(0x000000c51f500000,0x000000c51f600000)]
  0x0000028f3bf8b000 JavaThread "C1 CompilerThread2" daemon [_thread_blocked, id=2236, stack(0x000000c51f900000,0x000000c51fa00000)]
  0x0000028f3bef3000 JavaThread "C1 CompilerThread3" daemon [_thread_blocked, id=20380, stack(0x000000c51fa00000,0x000000c51fb00000)]
  0x0000028f3c1c6800 JavaThread "Daemon health stats" [_thread_blocked, id=7344, stack(0x000000c51fc00000,0x000000c51fd00000)]
  0x0000028f3d4d2000 JavaThread "Incoming local TCP Connector on port 61767" [_thread_in_native, id=14160, stack(0x000000c51f700000,0x000000c51f800000)]
  0x0000028f3b332000 JavaThread "Daemon periodic checks" [_thread_blocked, id=4468, stack(0x000000c51f800000,0x000000c51f900000)]
  0x0000028f3be65800 JavaThread "Daemon" [_thread_blocked, id=18992, stack(0x000000c51fd00000,0x000000c51fe00000)]
  0x0000028f3dad0800 JavaThread "Handler for socket connection from /127.0.0.1:61767 to /127.0.0.1:61768" [_thread_in_native, id=9076, stack(0x000000c51fe00000,0x000000c51ff00000)]
  0x0000028f3daa0000 JavaThread "Cancel handler" [_thread_blocked, id=17456, stack(0x000000c51ff00000,0x000000c520000000)]
  0x0000028f3c6ec800 JavaThread "Daemon worker" [_thread_in_vm, id=10352, stack(0x000000c520000000,0x000000c520100000)]
  0x0000028f3e23d800 JavaThread "Asynchronous log dispatcher for DefaultDaemonConnection: socket connection from /127.0.0.1:61767 to /127.0.0.1:61768" [_thread_blocked, id=6512, stack(0x000000c520100000,0x000000c520200000)]
  0x0000028f3e4c8800 JavaThread "Stdin handler" [_thread_blocked, id=6876, stack(0x000000c520200000,0x000000c520300000)]
  0x0000028f3d35f000 JavaThread "Daemon client event forwarder" [_thread_blocked, id=9360, stack(0x000000c520300000,0x000000c520400000)]
  0x0000028f3d35d000 JavaThread "Cache worker for journal cache (C:\Users\19520\.gradle\caches\journal-1)" [_thread_blocked, id=15844, stack(0x000000c521000000,0x000000c521100000)]
  0x0000028f3d362000 JavaThread "File lock request listener" [_thread_in_native, id=12812, stack(0x000000c521100000,0x000000c521200000)]
  0x0000028f3d361800 JavaThread "Cache worker for file hash cache (C:\Users\19520\.gradle\caches\7.2\fileHashes)" [_thread_blocked, id=12540, stack(0x000000c521400000,0x000000c521500000)]
=>0x0000028f3d83a000 JavaThread "C2 CompilerThread1" daemon [_thread_in_native, id=15208, stack(0x000000c521500000,0x000000c521600000)]
  0x0000028f3d364000 JavaThread "Cache worker for file hash cache (D:\TaiLieu\HK2_2122\PTUDDD\Lab02_1\.gradle\7.2\fileHashes)" [_thread_blocked, id=8716, stack(0x000000c521600000,0x000000c521700000)]
  0x0000028f3d363000 JavaThread "File watcher server" daemon [_thread_in_native, id=3160, stack(0x000000c521800000,0x000000c521900000)]
  0x0000028f3d360800 JavaThread "File watcher consumer" daemon [_thread_blocked, id=3056, stack(0x000000c521900000,0x000000c521a00000)]
  0x0000028f3d35e000 JavaThread "jar transforms" [_thread_blocked, id=12180, stack(0x000000c521a00000,0x000000c521b00000)]
  0x0000028f3d35f800 JavaThread "jar transforms Thread 2" [_thread_blocked, id=3372, stack(0x000000c521b00000,0x000000c521c00000)]
  0x0000028f408be000 JavaThread "jar transforms Thread 3" [_thread_blocked, id=17532, stack(0x000000c521c00000,0x000000c521d00000)]
  0x0000028f408bc800 JavaThread "jar transforms Thread 4" [_thread_blocked, id=11036, stack(0x000000c521d00000,0x000000c521e00000)]
  0x0000028f408c0800 JavaThread "jar transforms Thread 5" [_thread_blocked, id=7668, stack(0x000000c521e00000,0x000000c521f00000)]
  0x0000028f408bf000 JavaThread "jar transforms Thread 6" [_thread_blocked, id=9220, stack(0x000000c521f00000,0x000000c522000000)]
  0x0000028f408bf800 JavaThread "jar transforms Thread 7" [_thread_blocked, id=2664, stack(0x000000c522000000,0x000000c522100000)]
  0x0000028f408ba800 JavaThread "jar transforms Thread 8" [_thread_blocked, id=11876, stack(0x000000c522100000,0x000000c522200000)]
  0x0000028f408bd000 JavaThread "jar transforms Thread 9" [_thread_blocked, id=14196, stack(0x000000c522200000,0x000000c522300000)]
  0x0000028f408c1000 JavaThread "jar transforms Thread 10" [_thread_blocked, id=11228, stack(0x000000c522300000,0x000000c522400000)]
  0x0000028f408bb800 JavaThread "jar transforms Thread 11" [_thread_blocked, id=11084, stack(0x000000c522400000,0x000000c522500000)]
  0x0000028f408c4800 JavaThread "jar transforms Thread 12" [_thread_blocked, id=17444, stack(0x000000c522500000,0x000000c522600000)]
  0x0000028f408c7000 JavaThread "jar transforms Thread 13" [_thread_blocked, id=10156, stack(0x000000c522600000,0x000000c522700000)]
  0x0000028f408c3800 JavaThread "jar transforms Thread 14" [_thread_blocked, id=18484, stack(0x000000c522700000,0x000000c522800000)]
  0x0000028f408c6000 JavaThread "jar transforms Thread 15" [_thread_blocked, id=11060, stack(0x000000c522800000,0x000000c522900000)]
  0x0000028f408c3000 JavaThread "jar transforms Thread 16" [_thread_blocked, id=19780, stack(0x000000c522900000,0x000000c522a00000)]
  0x0000028f408c7800 JavaThread "Cache worker for checksums cache (D:\TaiLieu\HK2_2122\PTUDDD\Lab02_1\.gradle\checksums)" [_thread_blocked, id=13056, stack(0x000000c522a00000,0x000000c522b00000)]
  0x0000028f408c2000 JavaThread "Cache worker for cache directory md-supplier (C:\Users\19520\.gradle\caches\7.2\md-supplier)" [_thread_blocked, id=1156, stack(0x000000c522b00000,0x000000c522c00000)]
  0x0000028f408c8800 JavaThread "Cache worker for cache directory md-rule (C:\Users\19520\.gradle\caches\7.2\md-rule)" [_thread_blocked, id=9744, stack(0x000000c522c00000,0x000000c522d00000)]
  0x0000028f408c9800 JavaThread "Cache worker for execution history cache (C:\Users\19520\.gradle\caches\7.2\executionHistory)" [_thread_blocked, id=8776, stack(0x000000c522d00000,0x000000c522e00000)]
  0x0000028f403cc800 JavaThread "Cache worker for file content cache (C:\Users\19520\.gradle\caches\7.2\fileContent)" [_thread_blocked, id=5292, stack(0x000000c522e00000,0x000000c522f00000)]
  0x0000028f403ca000 JavaThread "Cache worker for dependencies-accessors (D:\TaiLieu\HK2_2122\PTUDDD\Lab02_1\.gradle\7.2\dependencies-accessors)" [_thread_blocked, id=14524, stack(0x000000c522f00000,0x000000c523000000)]
  0x0000028f403cc000 JavaThread "Cache worker for Build Output Cleanup Cache (D:\TaiLieu\HK2_2122\PTUDDD\Lab02_1\.gradle\buildOutputCleanup)" [_thread_blocked, id=4716, stack(0x000000c523000000,0x000000c523100000)]
  0x0000028f403cb000 JavaThread "Unconstrained build operations" [_thread_blocked, id=6224, stack(0x000000c523100000,0x000000c523200000)]
  0x0000028f403d1800 JavaThread "Unconstrained build operations Thread 2" [_thread_blocked, id=18012, stack(0x000000c523200000,0x000000c523300000)]
  0x0000028f403d4000 JavaThread "Unconstrained build operations Thread 3" [_thread_blocked, id=13232, stack(0x000000c523300000,0x000000c523400000)]
  0x0000028f403ce000 JavaThread "Unconstrained build operations Thread 4" [_thread_blocked, id=13804, stack(0x000000c523400000,0x000000c523500000)]
  0x0000028f403d5000 JavaThread "Unconstrained build operations Thread 5" [_thread_blocked, id=1004, stack(0x000000c523500000,0x000000c523600000)]
  0x0000028f403d8000 JavaThread "Unconstrained build operations Thread 6" [_thread_blocked, id=3004, stack(0x000000c523600000,0x000000c523700000)]
  0x0000028f403d5800 JavaThread "Unconstrained build operations Thread 7" [_thread_blocked, id=11380, stack(0x000000c523700000,0x000000c523800000)]
  0x0000028f403d6800 JavaThread "Unconstrained build operations Thread 8" [_thread_blocked, id=13796, stack(0x000000c523800000,0x000000c523900000)]
  0x0000028f403d2800 JavaThread "Unconstrained build operations Thread 9" [_thread_blocked, id=19660, stack(0x000000c523900000,0x000000c523a00000)]
  0x0000028f403d7000 JavaThread "Unconstrained build operations Thread 10" [_thread_blocked, id=2880, stack(0x000000c523a00000,0x000000c523b00000)]
  0x0000028f403d9000 JavaThread "Unconstrained build operations Thread 11" [_thread_blocked, id=18248, stack(0x000000c523b00000,0x000000c523c00000)]
  0x0000028f403d3000 JavaThread "Unconstrained build operations Thread 12" [_thread_blocked, id=19476, stack(0x000000c523c00000,0x000000c523d00000)]
  0x0000028f405ec800 JavaThread "Unconstrained build operations Thread 13" [_thread_blocked, id=9400, stack(0x000000c523d00000,0x000000c523e00000)]
  0x0000028f405ed800 JavaThread "Unconstrained build operations Thread 14" [_thread_blocked, id=11936, stack(0x000000c523e00000,0x000000c523f00000)]
  0x0000028f405ee000 JavaThread "Unconstrained build operations Thread 15" [_thread_blocked, id=9008, stack(0x000000c523f00000,0x000000c524000000)]
  0x0000028f405ef000 JavaThread "Unconstrained build operations Thread 16" [_thread_blocked, id=2300, stack(0x000000c524000000,0x000000c524100000)]
  0x0000028f405f0000 JavaThread "Unconstrained build operations Thread 17" [_thread_blocked, id=96, stack(0x000000c524100000,0x000000c524200000)]
  0x0000028f405ea000 JavaThread "Unconstrained build operations Thread 18" [_thread_blocked, id=13660, stack(0x000000c524200000,0x000000c524300000)]
  0x0000028f405f0800 JavaThread "Unconstrained build operations Thread 19" [_thread_blocked, id=17684, stack(0x000000c524300000,0x000000c524400000)]
  0x0000028f405eb000 JavaThread "Unconstrained build operations Thread 20" [_thread_blocked, id=1512, stack(0x000000c524400000,0x000000c524500000)]
  0x0000028f405f1800 JavaThread "Unconstrained build operations Thread 21" [_thread_blocked, id=352, stack(0x000000c524500000,0x000000c524600000)]
  0x0000028f405eb800 JavaThread "Unconstrained build operations Thread 22" [_thread_blocked, id=4644, stack(0x000000c524600000,0x000000c524700000)]
  0x0000028f405f6800 JavaThread "Unconstrained build operations Thread 23" [_thread_blocked, id=2184, stack(0x000000c524700000,0x000000c524800000)]
  0x0000028f405f3000 JavaThread "Unconstrained build operations Thread 24" [_thread_blocked, id=2356, stack(0x000000c524800000,0x000000c524900000)]
  0x0000028f405f7000 JavaThread "Unconstrained build operations Thread 25" [_thread_blocked, id=11104, stack(0x000000c524900000,0x000000c524a00000)]
  0x0000028f405f8000 JavaThread "Unconstrained build operations Thread 26" [_thread_blocked, id=12904, stack(0x000000c524a00000,0x000000c524b00000)]
  0x0000028f405f2000 JavaThread "Unconstrained build operations Thread 27" [_thread_blocked, id=14216, stack(0x000000c524b00000,0x000000c524c00000)]
  0x0000028f405f5800 JavaThread "Unconstrained build operations Thread 28" [_thread_blocked, id=20460, stack(0x000000c524c00000,0x000000c524d00000)]
  0x0000028f405f8800 JavaThread "Unconstrained build operations Thread 29" [_thread_blocked, id=14932, stack(0x000000c524d00000,0x000000c524e00000)]
  0x0000028f405f4000 JavaThread "Unconstrained build operations Thread 30" [_thread_blocked, id=17772, stack(0x000000c524e00000,0x000000c524f00000)]
  0x0000028f405f4800 JavaThread "Unconstrained build operations Thread 31" [_thread_blocked, id=17356, stack(0x000000c524f00000,0x000000c525000000)]
  0x0000028f43634000 JavaThread "Unconstrained build operations Thread 32" [_thread_blocked, id=19112, stack(0x000000c525000000,0x000000c525100000)]
  0x0000028f43633800 JavaThread "Unconstrained build operations Thread 33" [_thread_blocked, id=10808, stack(0x000000c525100000,0x000000c525200000)]
  0x0000028f43636800 JavaThread "Unconstrained build operations Thread 34" [_thread_blocked, id=11700, stack(0x000000c525200000,0x000000c525300000)]
  0x0000028f43635000 JavaThread "Unconstrained build operations Thread 35" [_thread_blocked, id=16972, stack(0x000000c525300000,0x000000c525400000)]
  0x0000028f43636000 JavaThread "Unconstrained build operations Thread 36" [_thread_blocked, id=17640, stack(0x000000c525400000,0x000000c525500000)]
  0x0000028f43637800 JavaThread "Unconstrained build operations Thread 37" [_thread_blocked, id=7872, stack(0x000000c525500000,0x000000c525600000)]
  0x0000028f43632800 JavaThread "Unconstrained build operations Thread 38" [_thread_blocked, id=4404, stack(0x000000c525600000,0x000000c525700000)]
  0x0000028f43631800 JavaThread "Unconstrained build operations Thread 39" [_thread_blocked, id=4676, stack(0x000000c525700000,0x000000c525800000)]
  0x0000028f4363a000 JavaThread "Unconstrained build operations Thread 40" [_thread_blocked, id=13052, stack(0x000000c525800000,0x000000c525900000)]
  0x0000028f43639000 JavaThread "Unconstrained build operations Thread 41" [_thread_blocked, id=11284, stack(0x000000c525900000,0x000000c525a00000)]
  0x0000028f4363c800 JavaThread "Unconstrained build operations Thread 42" [_thread_blocked, id=17292, stack(0x000000c525a00000,0x000000c525b00000)]
  0x0000028f4363a800 JavaThread "Unconstrained build operations Thread 43" [_thread_blocked, id=12708, stack(0x000000c525b00000,0x000000c525c00000)]
  0x0000028f4363b800 JavaThread "Unconstrained build operations Thread 44" [_thread_blocked, id=9788, stack(0x000000c525c00000,0x000000c525d00000)]
  0x0000028f4363d000 JavaThread "Unconstrained build operations Thread 45" [_thread_blocked, id=20324, stack(0x000000c525d00000,0x000000c525e00000)]
  0x0000028f4363e000 JavaThread "Unconstrained build operations Thread 46" [_thread_blocked, id=15544, stack(0x000000c525e00000,0x000000c525f00000)]
  0x0000028f43638800 JavaThread "Unconstrained build operations Thread 47" [_thread_blocked, id=19588, stack(0x000000c525f00000,0x000000c526000000)]
  0x0000028f4363f000 JavaThread "Unconstrained build operations Thread 48" [_thread_blocked, id=10656, stack(0x000000c526000000,0x000000c526100000)]
  0x0000028f4363f800 JavaThread "Unconstrained build operations Thread 49" [_thread_blocked, id=17864, stack(0x000000c526100000,0x000000c526200000)]
  0x0000028f43640800 JavaThread "Unconstrained build operations Thread 50" [_thread_blocked, id=8136, stack(0x000000c526200000,0x000000c526300000)]
  0x0000028f4024e800 JavaThread "Unconstrained build operations Thread 51" [_thread_blocked, id=2004, stack(0x000000c526300000,0x000000c526400000)]
  0x0000028f4024f000 JavaThread "Unconstrained build operations Thread 52" [_thread_blocked, id=1864, stack(0x000000c526400000,0x000000c526500000)]
  0x0000028f4024a800 JavaThread "Unconstrained build operations Thread 53" [_thread_blocked, id=10732, stack(0x000000c526500000,0x000000c526600000)]
  0x0000028f4024d800 JavaThread "Unconstrained build operations Thread 54" [_thread_blocked, id=11320, stack(0x000000c526600000,0x000000c526700000)]
  0x0000028f4024c800 JavaThread "Unconstrained build operations Thread 55" [_thread_blocked, id=11864, stack(0x000000c526700000,0x000000c526800000)]
  0x0000028f4024c000 JavaThread "Unconstrained build operations Thread 56" [_thread_blocked, id=18000, stack(0x000000c526800000,0x000000c526900000)]
  0x0000028f4024b000 JavaThread "Unconstrained build operations Thread 57" [_thread_blocked, id=14404, stack(0x000000c526900000,0x000000c526a00000)]
  0x0000028f40250000 JavaThread "Unconstrained build operations Thread 58" [_thread_blocked, id=17536, stack(0x000000c526a00000,0x000000c526b00000)]
  0x0000028f40251000 JavaThread "Unconstrained build operations Thread 59" [_thread_blocked, id=7020, stack(0x000000c526b00000,0x000000c526c00000)]
  0x0000028f41c39800 JavaThread "Unconstrained build operations Thread 60" [_thread_blocked, id=17416, stack(0x000000c526c00000,0x000000c526d00000)]
  0x0000028f41c3d000 JavaThread "Unconstrained build operations Thread 61" [_thread_blocked, id=8000, stack(0x000000c526d00000,0x000000c526e00000)]
  0x0000028f41c3a800 JavaThread "Unconstrained build operations Thread 62" [_thread_blocked, id=13692, stack(0x000000c526e00000,0x000000c526f00000)]
  0x0000028f41c3b000 JavaThread "Unconstrained build operations Thread 63" [_thread_blocked, id=15808, stack(0x000000c526f00000,0x000000c527000000)]
  0x0000028f41c3c000 JavaThread "Unconstrained build operations Thread 64" [_thread_blocked, id=4572, stack(0x000000c527000000,0x000000c527100000)]
  0x0000028f41c39000 JavaThread "Unconstrained build operations Thread 65" [_thread_blocked, id=19652, stack(0x000000c527100000,0x000000c527200000)]
  0x0000028f41c37000 JavaThread "Unconstrained build operations Thread 66" [_thread_blocked, id=11528, stack(0x000000c527200000,0x000000c527300000)]
  0x0000028f41c3d800 JavaThread "Unconstrained build operations Thread 67" [_thread_blocked, id=12228, stack(0x000000c527300000,0x000000c527400000)]
  0x0000028f41c38000 JavaThread "Unconstrained build operations Thread 68" [_thread_blocked, id=8936, stack(0x000000c527400000,0x000000c527500000)]
  0x0000028f41c44000 JavaThread "Unconstrained build operations Thread 69" [_thread_blocked, id=12908, stack(0x000000c527500000,0x000000c527600000)]
  0x0000028f41c41000 JavaThread "Unconstrained build operations Thread 70" [_thread_blocked, id=3144, stack(0x000000c527600000,0x000000c527700000)]
  0x0000028f41c40000 JavaThread "Unconstrained build operations Thread 71" [_thread_blocked, id=8364, stack(0x000000c527700000,0x000000c527800000)]
  0x0000028f41c41800 JavaThread "Unconstrained build operations Thread 72" [_thread_blocked, id=17172, stack(0x000000c527800000,0x000000c527900000)]
  0x0000028f41c3e800 JavaThread "Unconstrained build operations Thread 73" [_thread_blocked, id=11692, stack(0x000000c527900000,0x000000c527a00000)]
  0x0000028f41c42800 JavaThread "Unconstrained build operations Thread 74" [_thread_blocked, id=20252, stack(0x000000c527a00000,0x000000c527b00000)]
  0x0000028f41c43800 JavaThread "Unconstrained build operations Thread 75" [_thread_blocked, id=8440, stack(0x000000c527b00000,0x000000c527c00000)]
  0x0000028f41c45000 JavaThread "Unconstrained build operations Thread 76" [_thread_blocked, id=14044, stack(0x000000c527c00000,0x000000c527d00000)]
  0x0000028f41c3f800 JavaThread "Unconstrained build operations Thread 77" [_thread_blocked, id=2748, stack(0x000000c527d00000,0x000000c527e00000)]
  0x0000028f41c46000 JavaThread "Unconstrained build operations Thread 78" [_thread_blocked, id=4400, stack(0x000000c527e00000,0x000000c527f00000)]
  0x0000028f419a9800 JavaThread "Unconstrained build operations Thread 79" [_thread_blocked, id=18844, stack(0x000000c527f00000,0x000000c528000000)]
  0x0000028f419a7000 JavaThread "Unconstrained build operations Thread 80" [_thread_blocked, id=14040, stack(0x000000c528000000,0x000000c528100000)]
  0x0000028f419ab800 JavaThread "Unconstrained build operations Thread 81" [_thread_blocked, id=10248, stack(0x000000c528100000,0x000000c528200000)]
  0x0000028f419ad800 JavaThread "Unconstrained build operations Thread 82" [_thread_blocked, id=5064, stack(0x000000c528200000,0x000000c528300000)]
  0x0000028f419aa800 JavaThread "Unconstrained build operations Thread 83" [_thread_blocked, id=19860, stack(0x000000c528300000,0x000000c528400000)]
  0x0000028f419a8000 JavaThread "Unconstrained build operations Thread 84" [_thread_blocked, id=2440, stack(0x000000c528400000,0x000000c528500000)]
  0x0000028f419ac000 JavaThread "Unconstrained build operations Thread 85" [_thread_blocked, id=7072, stack(0x000000c528500000,0x000000c528600000)]
  0x0000028f419ae800 JavaThread "Unconstrained build operations Thread 86" [_thread_blocked, id=1020, stack(0x000000c528600000,0x000000c528700000)]
  0x0000028f419ad000 JavaThread "Unconstrained build operations Thread 87" [_thread_blocked, id=10600, stack(0x000000c528700000,0x000000c528800000)]
  0x0000028f419a9000 JavaThread "Unconstrained build operations Thread 88" [_thread_blocked, id=8352, stack(0x000000c528800000,0x000000c528900000)]
  0x0000028f419af800 JavaThread "Unconstrained build operations Thread 89" [_thread_blocked, id=1784, stack(0x000000c528900000,0x000000c528a00000)]
  0x0000028f419b3800 JavaThread "Unconstrained build operations Thread 90" [_thread_blocked, id=18516, stack(0x000000c528a00000,0x000000c528b00000)]
  0x0000028f419b5000 JavaThread "Unconstrained build operations Thread 91" [_thread_blocked, id=7700, stack(0x000000c528b00000,0x000000c528c00000)]
  0x0000028f419b6000 JavaThread "Unconstrained build operations Thread 92" [_thread_blocked, id=4476, stack(0x000000c528c00000,0x000000c528d00000)]
  0x0000028f419b2800 JavaThread "Unconstrained build operations Thread 93" [_thread_blocked, id=14996, stack(0x000000c528d00000,0x000000c528e00000)]
  0x0000028f419b0000 JavaThread "Unconstrained build operations Thread 94" [_thread_blocked, id=12684, stack(0x000000c528e00000,0x000000c528f00000)]
  0x0000028f419b4800 JavaThread "Unconstrained build operations Thread 95" [_thread_blocked, id=3336, stack(0x000000c528f00000,0x000000c529000000)]
  0x0000028f419b1000 JavaThread "Unconstrained build operations Thread 96" [_thread_blocked, id=12088, stack(0x000000c529000000,0x000000c529100000)]
  0x0000028f419b2000 JavaThread "Unconstrained build operations Thread 97" [_thread_blocked, id=2312, stack(0x000000c529100000,0x000000c529200000)]
  0x0000028f41cf6800 JavaThread "Unconstrained build operations Thread 98" [_thread_blocked, id=3936, stack(0x000000c529200000,0x000000c529300000)]
  0x0000028f41cf8800 JavaThread "Unconstrained build operations Thread 99" [_thread_blocked, id=3080, stack(0x000000c529300000,0x000000c529400000)]
  0x0000028f41cf7800 JavaThread "Unconstrained build operations Thread 100" [_thread_blocked, id=15268, stack(0x000000c529400000,0x000000c529500000)]
  0x0000028f41cf9000 JavaThread "Unconstrained build operations Thread 101" [_thread_blocked, id=1140, stack(0x000000c529500000,0x000000c529600000)]
  0x0000028f41cf5000 JavaThread "Unconstrained build operations Thread 102" [_thread_blocked, id=12968, stack(0x000000c529600000,0x000000c529700000)]
  0x0000028f41cfa000 JavaThread "Unconstrained build operations Thread 103" [_thread_blocked, id=18500, stack(0x000000c529700000,0x000000c529800000)]
  0x0000028f41cfa800 JavaThread "Unconstrained build operations Thread 104" [_thread_blocked, id=5104, stack(0x000000c529800000,0x000000c529900000)]
  0x0000028f41cfb800 JavaThread "Unconstrained build operations Thread 105" [_thread_blocked, id=20364, stack(0x000000c529900000,0x000000c529a00000)]
  0x0000028f41cf6000 JavaThread "Unconstrained build operations Thread 106" [_thread_blocked, id=7392, stack(0x000000c529a00000,0x000000c529b00000)]
  0x0000028f41cfc800 JavaThread "Unconstrained build operations Thread 107" [_thread_blocked, id=15296, stack(0x000000c529b00000,0x000000c529c00000)]
  0x0000028f41cff800 JavaThread "Unconstrained build operations Thread 108" [_thread_blocked, id=2704, stack(0x000000c529c00000,0x000000c529d00000)]
  0x0000028f41cfd000 JavaThread "Unconstrained build operations Thread 109" [_thread_blocked, id=8684, stack(0x000000c529d00000,0x000000c529e00000)]
  0x0000028f41cff000 JavaThread "Unconstrained build operations Thread 110" [_thread_blocked, id=7768, stack(0x000000c529e00000,0x000000c529f00000)]
  0x0000028f41d00800 JavaThread "Unconstrained build operations Thread 111" [_thread_blocked, id=7616, stack(0x000000c529f00000,0x000000c52a000000)]
  0x0000028f41d01800 JavaThread "Unconstrained build operations Thread 112" [_thread_blocked, id=19904, stack(0x000000c52a000000,0x000000c52a100000)]
  0x0000028f41d03000 JavaThread "Unconstrained build operations Thread 113" [_thread_blocked, id=14768, stack(0x000000c52a100000,0x000000c52a200000)]
  0x0000028f41d02000 JavaThread "Unconstrained build operations Thread 114" [_thread_blocked, id=5432, stack(0x000000c52a200000,0x000000c52a300000)]
  0x0000028f41d03800 JavaThread "Unconstrained build operations Thread 115" [_thread_blocked, id=12992, stack(0x000000c52a300000,0x000000c52a400000)]
  0x0000028f41cfe000 JavaThread "Unconstrained build operations Thread 116" [_thread_blocked, id=17112, stack(0x000000c52a400000,0x000000c52a500000)]
  0x0000028f41b56800 JavaThread "Unconstrained build operations Thread 117" [_thread_blocked, id=6156, stack(0x000000c52a500000,0x000000c52a600000)]
  0x0000028f41b54000 JavaThread "Unconstrained build operations Thread 118" [_thread_blocked, id=11888, stack(0x000000c52a600000,0x000000c52a700000)]
  0x0000028f41b52800 JavaThread "Unconstrained build operations Thread 119" [_thread_blocked, id=3128, stack(0x000000c52a700000,0x000000c52a800000)]
  0x0000028f41b59000 JavaThread "Unconstrained build operations Thread 120" [_thread_blocked, id=8804, stack(0x000000c52a800000,0x000000c52a900000)]
  0x0000028f41b58000 JavaThread "Unconstrained build operations Thread 121" [_thread_blocked, id=17116, stack(0x000000c52a900000,0x000000c52aa00000)]
  0x0000028f41b55000 JavaThread "Unconstrained build operations Thread 122" [_thread_blocked, id=9384, stack(0x000000c52aa00000,0x000000c52ab00000)]
  0x0000028f41b56000 JavaThread "Unconstrained build operations Thread 123" [_thread_blocked, id=20348, stack(0x000000c52ab00000,0x000000c52ac00000)]
  0x0000028f41b53800 JavaThread "Unconstrained build operations Thread 124" [_thread_blocked, id=20388, stack(0x000000c52ac00000,0x000000c52ad00000)]
  0x0000028f41b5d000 JavaThread "Unconstrained build operations Thread 125" [_thread_blocked, id=15856, stack(0x000000c52ad00000,0x000000c52ae00000)]
  0x0000028f41b57800 JavaThread "Unconstrained build operations Thread 126" [_thread_blocked, id=13592, stack(0x000000c52ae00000,0x000000c52af00000)]
  0x0000028f41b5a000 JavaThread "Unconstrained build operations Thread 127" [_thread_blocked, id=18152, stack(0x000000c52af00000,0x000000c52b000000)]
  0x0000028f41b5e000 JavaThread "Unconstrained build operations Thread 128" [_thread_blocked, id=15776, stack(0x000000c52b000000,0x000000c52b100000)]
  0x0000028f41b5c800 JavaThread "Unconstrained build operations Thread 129" [_thread_blocked, id=14896, stack(0x000000c52b100000,0x000000c52b200000)]
  0x0000028f41b5e800 JavaThread "Unconstrained build operations Thread 130" [_thread_blocked, id=14084, stack(0x000000c52b200000,0x000000c52b300000)]
  0x0000028f41b5f800 JavaThread "Unconstrained build operations Thread 131" [_thread_blocked, id=6328, stack(0x000000c52b300000,0x000000c52b400000)]
  0x0000028f41b60800 JavaThread "Unconstrained build operations Thread 132" [_thread_blocked, id=7896, stack(0x000000c52b400000,0x000000c52b500000)]
  0x0000028f41b5a800 JavaThread "Unconstrained build operations Thread 133" [_thread_blocked, id=16164, stack(0x000000c52b500000,0x000000c52b600000)]
  0x0000028f41b61000 JavaThread "Unconstrained build operations Thread 134" [_thread_blocked, id=13412, stack(0x000000c52b600000,0x000000c52b700000)]
  0x0000028f41b5b800 JavaThread "Unconstrained build operations Thread 135" [_thread_blocked, id=13868, stack(0x000000c52b700000,0x000000c52b800000)]

Other Threads:
  0x0000028f3a7ab800 VMThread "VM Thread" [stack: 0x000000c51eb00000,0x000000c51ec00000] [id=9264]
  0x0000028f3b22f000 WatcherThread [stack: 0x000000c51f600000,0x000000c51f700000] [id=1036]
  0x0000028f1f868000 GCTaskThread "GC Thread#0" [stack: 0x000000c51e600000,0x000000c51e700000] [id=11804]
  0x0000028f3b0bd800 GCTaskThread "GC Thread#1" [stack: 0x000000c51fb00000,0x000000c51fc00000] [id=2296]
  0x0000028f3b0bd000 GCTaskThread "GC Thread#2" [stack: 0x000000c520400000,0x000000c520500000] [id=17072]
  0x0000028f3b0c1000 GCTaskThread "GC Thread#3" [stack: 0x000000c520500000,0x000000c520600000] [id=16416]
  0x0000028f3b0c0800 GCTaskThread "GC Thread#4" [stack: 0x000000c520600000,0x000000c520700000] [id=3552]
  0x0000028f3b0bc000 GCTaskThread "GC Thread#5" [stack: 0x000000c520700000,0x000000c520800000] [id=5204]
  0x0000028f3b0be000 GCTaskThread "GC Thread#6" [stack: 0x000000c520800000,0x000000c520900000] [id=10728]
  0x0000028f3b0bf000 GCTaskThread "GC Thread#7" [stack: 0x000000c520900000,0x000000c520a00000] [id=5112]
  0x0000028f3b0c2000 GCTaskThread "GC Thread#8" [stack: 0x000000c520a00000,0x000000c520b00000] [id=18040]
  0x0000028f3b0c3800 GCTaskThread "GC Thread#9" [stack: 0x000000c520b00000,0x000000c520c00000] [id=5448]
  0x0000028f3b0bf800 GCTaskThread "GC Thread#10" [stack: 0x000000c520c00000,0x000000c520d00000] [id=2260]
  0x0000028f3b0c2800 GCTaskThread "GC Thread#11" [stack: 0x000000c520d00000,0x000000c520e00000] [id=3408]
  0x0000028f3dab2800 GCTaskThread "GC Thread#12" [stack: 0x000000c520e00000,0x000000c520f00000] [id=3376]
  0x0000028f1f899000 ConcurrentGCThread "G1 Main Marker" [stack: 0x000000c51e700000,0x000000c51e800000] [id=14032]
  0x0000028f1f89b000 ConcurrentGCThread "G1 Conc#0" [stack: 0x000000c51e800000,0x000000c51e900000] [id=11776]
  0x0000028f3dab8000 ConcurrentGCThread "G1 Conc#1" [stack: 0x000000c521200000,0x000000c521300000] [id=18972]
  0x0000028f3dab5800 ConcurrentGCThread "G1 Conc#2" [stack: 0x000000c521300000,0x000000c521400000] [id=10724]
  0x0000028f3a5f0800 ConcurrentGCThread "G1 Refine#0" [stack: 0x000000c51e900000,0x000000c51ea00000] [id=11152]
  0x0000028f3c26b000 ConcurrentGCThread "G1 Refine#1" [stack: 0x000000c520f00000,0x000000c521000000] [id=19768]
  0x0000028f3a5f3800 ConcurrentGCThread "G1 Young RemSet Sampling" [stack: 0x000000c51ea00000,0x000000c51eb00000] [id=8040]

Threads with active compile tasks:
C2 CompilerThread0  11819 7897       4       org.objectweb.asm.Frame::execute (2318 bytes)
C2 CompilerThread1  11819 8055   !   4       com.google.common.reflect.TypeVisitor::visit (244 bytes)

VM state:not at safepoint (normal execution)

VM Mutex/Monitor currently owned by a thread: None

Heap address: 0x0000000080000000, size: 2048 MB, Compressed Oops mode: 32-bit
Narrow klass base: 0x0000000000000000, Narrow klass shift: 3
Compressed class space size: 1073741824 Address: 0x0000000100000000

Heap:
 garbage-first heap   total 147456K, used 111159K [0x0000000080000000, 0x0000000100000000)
  region size 1024K, 46 young (47104K), 8 survivors (8192K)
 Metaspace       used 65268K, capacity 67139K, committed 67228K, reserved 1107968K
  class space    used 8319K, capacity 9013K, committed 9036K, reserved 1048576K
Heap Regions: E=young(eden), S=young(survivor), O=old, HS=humongous(starts), HC=humongous(continues), CS=collection set, F=free, A=archive, TAMS=top-at-mark-start (previous, next)
|   0|0x0000000080000000, 0x0000000080100000, 0x0000000080100000|100%| O|  |TAMS 0x0000000080100000, 0x0000000080000000| Untracked 
|   1|0x0000000080100000, 0x0000000080200000, 0x0000000080200000|100%| O|  |TAMS 0x0000000080200000, 0x0000000080100000| Untracked 
|   2|0x0000000080200000, 0x0000000080300000, 0x0000000080300000|100%| O|  |TAMS 0x0000000080300000, 0x0000000080200000| Untracked 
|   3|0x0000000080300000, 0x0000000080400000, 0x0000000080400000|100%|HS|  |TAMS 0x0000000080400000, 0x0000000080300000| Complete 
|   4|0x0000000080400000, 0x0000000080500000, 0x0000000080500000|100%|HC|  |TAMS 0x0000000080500000, 0x0000000080400000| Complete 
|   5|0x0000000080500000, 0x0000000080600000, 0x0000000080600000|100%|HC|  |TAMS 0x0000000080600000, 0x0000000080500000| Complete 
|   6|0x0000000080600000, 0x0000000080700000, 0x0000000080700000|100%| O|  |TAMS 0x0000000080700000, 0x0000000080600000| Untracked 
|   7|0x0000000080700000, 0x0000000080800000, 0x0000000080800000|100%| O|  |TAMS 0x0000000080800000, 0x0000000080700000| Untracked 
|   8|0x0000000080800000, 0x0000000080900000, 0x0000000080900000|100%| O|  |TAMS 0x0000000080900000, 0x0000000080800000| Untracked 
|   9|0x0000000080900000, 0x0000000080a00000, 0x0000000080a00000|100%| O|  |TAMS 0x0000000080a00000, 0x0000000080900000| Untracked 
|  10|0x0000000080a00000, 0x0000000080b00000, 0x0000000080b00000|100%| O|  |TAMS 0x0000000080b00000, 0x0000000080a00000| Untracked 
|  11|0x0000000080b00000, 0x0000000080c00000, 0x0000000080c00000|100%| O|  |TAMS 0x0000000080c00000, 0x0000000080b00000| Untracked 
|  12|0x0000000080c00000, 0x0000000080d00000, 0x0000000080d00000|100%| O|  |TAMS 0x0000000080d00000, 0x0000000080c00000| Untracked 
|  13|0x0000000080d00000, 0x0000000080e00000, 0x0000000080e00000|100%| O|  |TAMS 0x0000000080e00000, 0x0000000080d00000| Untracked 
|  14|0x0000000080e00000, 0x0000000080f00000, 0x0000000080f00000|100%| O|  |TAMS 0x0000000080f00000, 0x0000000080e00000| Untracked 
|  15|0x0000000080f00000, 0x0000000081000000, 0x0000000081000000|100%| O|  |TAMS 0x0000000081000000, 0x0000000080f00000| Untracked 
|  16|0x0000000081000000, 0x0000000081100000, 0x0000000081100000|100%|HS|  |TAMS 0x0000000081100000, 0x0000000081000000| Complete 
|  17|0x0000000081100000, 0x0000000081200000, 0x0000000081200000|100%|HC|  |TAMS 0x0000000081200000, 0x0000000081100000| Complete 
|  18|0x0000000081200000, 0x0000000081300000, 0x0000000081300000|100%|HS|  |TAMS 0x0000000081300000, 0x0000000081200000| Complete 
|  19|0x0000000081300000, 0x0000000081400000, 0x0000000081400000|100%|HC|  |TAMS 0x0000000081400000, 0x0000000081300000| Complete 
|  20|0x0000000081400000, 0x0000000081500000, 0x0000000081500000|100%|HC|  |TAMS 0x0000000081500000, 0x0000000081400000| Complete 
|  21|0x0000000081500000, 0x0000000081600000, 0x0000000081600000|100%|HS|  |TAMS 0x0000000081600000, 0x0000000081500000| Complete 
|  22|0x0000000081600000, 0x0000000081700000, 0x0000000081700000|100%|HC|  |TAMS 0x0000000081700000, 0x0000000081600000| Complete 
|  23|0x0000000081700000, 0x0000000081800000, 0x0000000081800000|100%|HC|  |TAMS 0x0000000081800000, 0x0000000081700000| Complete 
|  24|0x0000000081800000, 0x0000000081900000, 0x0000000081900000|100%|HC|  |TAMS 0x0000000081900000, 0x0000000081800000| Complete 
|  25|0x0000000081900000, 0x0000000081a00000, 0x0000000081a00000|100%| O|  |TAMS 0x0000000081a00000, 0x0000000081900000| Untracked 
|  26|0x0000000081a00000, 0x0000000081b00000, 0x0000000081b00000|100%| O|  |TAMS 0x0000000081b00000, 0x0000000081a00000| Untracked 
|  27|0x0000000081b00000, 0x0000000081c00000, 0x0000000081c00000|100%| O|  |TAMS 0x0000000081c00000, 0x0000000081b00000| Untracked 
|  28|0x0000000081c00000, 0x0000000081d00000, 0x0000000081d00000|100%| O|  |TAMS 0x0000000081d00000, 0x0000000081c00000| Untracked 
|  29|0x0000000081d00000, 0x0000000081e00000, 0x0000000081e00000|100%| O|  |TAMS 0x0000000081e00000, 0x0000000081d00000| Untracked 
|  30|0x0000000081e00000, 0x0000000081f00000, 0x0000000081f00000|100%| O|  |TAMS 0x0000000081f00000, 0x0000000081e00000| Untracked 
|  31|0x0000000081f00000, 0x0000000082000000, 0x0000000082000000|100%| O|  |TAMS 0x0000000081fb7800, 0x0000000081f00000| Untracked 
|  32|0x0000000082000000, 0x0000000082100000, 0x0000000082100000|100%| O|  |TAMS 0x0000000082000000, 0x0000000082000000| Untracked 
|  33|0x0000000082100000, 0x0000000082200000, 0x0000000082200000|100%| O|  |TAMS 0x0000000082100000, 0x0000000082100000| Untracked 
|  34|0x0000000082200000, 0x0000000082300000, 0x0000000082300000|100%| O|  |TAMS 0x0000000082200000, 0x0000000082200000| Untracked 
|  35|0x0000000082300000, 0x0000000082400000, 0x0000000082400000|100%| O|  |TAMS 0x0000000082300000, 0x0000000082300000| Untracked 
|  36|0x0000000082400000, 0x0000000082500000, 0x0000000082500000|100%| O|  |TAMS 0x0000000082400000, 0x0000000082400000| Untracked 
|  37|0x0000000082500000, 0x0000000082600000, 0x0000000082600000|100%|HS|  |TAMS 0x0000000082500000, 0x0000000082500000| Complete 
|  38|0x0000000082600000, 0x0000000082700000, 0x0000000082700000|100%|HC|  |TAMS 0x0000000082600000, 0x0000000082600000| Complete 
|  39|0x0000000082700000, 0x0000000082800000, 0x0000000082800000|100%|HC|  |TAMS 0x0000000082700000, 0x0000000082700000| Complete 
|  40|0x0000000082800000, 0x0000000082900000, 0x0000000082900000|100%| O|  |TAMS 0x0000000082800000, 0x0000000082800000| Untracked 
|  41|0x0000000082900000, 0x0000000082a00000, 0x0000000082a00000|100%| O|  |TAMS 0x0000000082900000, 0x0000000082900000| Untracked 
|  42|0x0000000082a00000, 0x0000000082b00000, 0x0000000082b00000|100%| O|  |TAMS 0x0000000082a00000, 0x0000000082a00000| Untracked 
|  43|0x0000000082b00000, 0x0000000082c00000, 0x0000000082c00000|100%| O|  |TAMS 0x0000000082b00000, 0x0000000082b00000| Untracked 
|  44|0x0000000082c00000, 0x0000000082d00000, 0x0000000082d00000|100%| O|  |TAMS 0x0000000082c00000, 0x0000000082c00000| Untracked 
|  45|0x0000000082d00000, 0x0000000082e00000, 0x0000000082e00000|100%| O|  |TAMS 0x0000000082d00000, 0x0000000082d00000| Untracked 
|  46|0x0000000082e00000, 0x0000000082f00000, 0x0000000082f00000|100%|HS|  |TAMS 0x0000000082e00000, 0x0000000082e00000| Complete 
|  47|0x0000000082f00000, 0x0000000083000000, 0x0000000083000000|100%|HC|  |TAMS 0x0000000082f00000, 0x0000000082f00000| Complete 
|  48|0x0000000083000000, 0x0000000083100000, 0x0000000083100000|100%|HC|  |TAMS 0x0000000083000000, 0x0000000083000000| Complete 
|  49|0x0000000083100000, 0x0000000083200000, 0x0000000083200000|100%|HC|  |TAMS 0x0000000083100000, 0x0000000083100000| Complete 
|  50|0x0000000083200000, 0x0000000083300000, 0x0000000083300000|100%| O|  |TAMS 0x0000000083200000, 0x0000000083200000| Untracked 
|  51|0x0000000083300000, 0x0000000083400000, 0x0000000083400000|100%| O|  |TAMS 0x0000000083300000, 0x0000000083300000| Untracked 
|  52|0x0000000083400000, 0x0000000083500000, 0x0000000083500000|100%| O|  |TAMS 0x0000000083400000, 0x0000000083400000| Untracked 
|  53|0x0000000083500000, 0x0000000083600000, 0x0000000083600000|100%| O|  |TAMS 0x0000000083500000, 0x0000000083500000| Untracked 
|  54|0x0000000083600000, 0x0000000083700000, 0x0000000083700000|100%|HS|  |TAMS 0x0000000083600000, 0x0000000083600000| Complete 
|  55|0x0000000083700000, 0x0000000083800000, 0x0000000083800000|100%|HS|  |TAMS 0x0000000083700000, 0x0000000083700000| Complete 
|  56|0x0000000083800000, 0x0000000083900000, 0x0000000083900000|100%|HS|  |TAMS 0x0000000083800000, 0x0000000083800000| Complete 
|  57|0x0000000083900000, 0x0000000083a00000, 0x0000000083a00000|100%|HS|  |TAMS 0x0000000083900000, 0x0000000083900000| Complete 
|  58|0x0000000083a00000, 0x0000000083b00000, 0x0000000083b00000|100%|HC|  |TAMS 0x0000000083a00000, 0x0000000083a00000| Complete 
|  59|0x0000000083b00000, 0x0000000083c00000, 0x0000000083c00000|100%| O|  |TAMS 0x0000000083b00000, 0x0000000083b00000| Untracked 
|  60|0x0000000083c00000, 0x0000000083d00000, 0x0000000083d00000|100%| O|  |TAMS 0x0000000083c00000, 0x0000000083c00000| Untracked 
|  61|0x0000000083d00000, 0x0000000083e00000, 0x0000000083e00000|100%| O|  |TAMS 0x0000000083d00000, 0x0000000083d00000| Untracked 
|  62|0x0000000083e00000, 0x0000000083f00000, 0x0000000083f00000|100%| O|  |TAMS 0x0000000083e00000, 0x0000000083e00000| Untracked 
|  63|0x0000000083f00000, 0x0000000083f8dc00, 0x0000000084000000| 55%| O|  |TAMS 0x0000000083f00000, 0x0000000083f00000| Untracked 
|  64|0x0000000084000000, 0x0000000084000000, 0x0000000084100000|  0%| F|  |TAMS 0x0000000084000000, 0x0000000084000000| Untracked 
|  65|0x0000000084100000, 0x0000000084100000, 0x0000000084200000|  0%| F|  |TAMS 0x0000000084100000, 0x0000000084100000| Untracked 
|  66|0x0000000084200000, 0x0000000084200000, 0x0000000084300000|  0%| F|  |TAMS 0x0000000084200000, 0x0000000084200000| Untracked 
|  67|0x0000000084300000, 0x0000000084300000, 0x0000000084400000|  0%| F|  |TAMS 0x0000000084300000, 0x0000000084300000| Untracked 
|  68|0x0000000084400000, 0x0000000084400000, 0x0000000084500000|  0%| F|  |TAMS 0x0000000084400000, 0x0000000084400000| Untracked 
|  69|0x0000000084500000, 0x0000000084500000, 0x0000000084600000|  0%| F|  |TAMS 0x0000000084500000, 0x0000000084500000| Untracked 
|  70|0x0000000084600000, 0x0000000084600000, 0x0000000084700000|  0%| F|  |TAMS 0x0000000084600000, 0x0000000084600000| Untracked 
|  71|0x0000000084700000, 0x0000000084700000, 0x0000000084800000|  0%| F|  |TAMS 0x0000000084700000, 0x0000000084700000| Untracked 
|  72|0x0000000084800000, 0x0000000084800000, 0x0000000084900000|  0%| F|  |TAMS 0x0000000084800000, 0x0000000084800000| Untracked 
|  73|0x0000000084900000, 0x0000000084900000, 0x0000000084a00000|  0%| F|  |TAMS 0x0000000084900000, 0x0000000084900000| Untracked 
|  74|0x0000000084a00000, 0x0000000084a00000, 0x0000000084b00000|  0%| F|  |TAMS 0x0000000084a00000, 0x0000000084a00000| Untracked 
|  75|0x0000000084b00000, 0x0000000084b00000, 0x0000000084c00000|  0%| F|  |TAMS 0x0000000084b00000, 0x0000000084b00000| Untracked 
|  76|0x0000000084c00000, 0x0000000084c00000, 0x0000000084d00000|  0%| F|  |TAMS 0x0000000084c00000, 0x0000000084c00000| Untracked 
|  77|0x0000000084d00000, 0x0000000084e00000, 0x0000000084e00000|100%| S|CS|TAMS 0x0000000084d00000, 0x0000000084d00000| Complete 
|  78|0x0000000084e00000, 0x0000000084f00000, 0x0000000084f00000|100%| S|CS|TAMS 0x0000000084e00000, 0x0000000084e00000| Complete 
|  79|0x0000000084f00000, 0x0000000085000000, 0x0000000085000000|100%| S|CS|TAMS 0x0000000084f00000, 0x0000000084f00000| Complete 
|  80|0x0000000085000000, 0x0000000085100000, 0x0000000085100000|100%| S|CS|TAMS 0x0000000085000000, 0x0000000085000000| Complete 
|  81|0x0000000085100000, 0x0000000085200000, 0x0000000085200000|100%| S|CS|TAMS 0x0000000085100000, 0x0000000085100000| Complete 
|  82|0x0000000085200000, 0x0000000085200000, 0x0000000085300000|  0%| F|  |TAMS 0x0000000085200000, 0x0000000085200000| Untracked 
|  83|0x0000000085300000, 0x0000000085400000, 0x0000000085400000|100%| S|CS|TAMS 0x0000000085300000, 0x0000000085300000| Complete 
|  84|0x0000000085400000, 0x0000000085500000, 0x0000000085500000|100%| S|CS|TAMS 0x0000000085400000, 0x0000000085400000| Complete 
|  85|0x0000000085500000, 0x0000000085600000, 0x0000000085600000|100%| S|CS|TAMS 0x0000000085500000, 0x0000000085500000| Complete 
|  86|0x0000000085600000, 0x0000000085600000, 0x0000000085700000|  0%| F|  |TAMS 0x0000000085600000, 0x0000000085600000| Untracked 
|  87|0x0000000085700000, 0x0000000085700000, 0x0000000085800000|  0%| F|  |TAMS 0x0000000085700000, 0x0000000085700000| Untracked 
|  88|0x0000000085800000, 0x0000000085800000, 0x0000000085900000|  0%| F|  |TAMS 0x0000000085800000, 0x0000000085800000| Untracked 
|  89|0x0000000085900000, 0x0000000085900000, 0x0000000085a00000|  0%| F|  |TAMS 0x0000000085900000, 0x0000000085900000| Untracked 
|  90|0x0000000085a00000, 0x0000000085a00000, 0x0000000085b00000|  0%| F|  |TAMS 0x0000000085a00000, 0x0000000085a00000| Untracked 
|  91|0x0000000085b00000, 0x0000000085b00000, 0x0000000085c00000|  0%| F|  |TAMS 0x0000000085b00000, 0x0000000085b00000| Untracked 
|  92|0x0000000085c00000, 0x0000000085c00000, 0x0000000085d00000|  0%| F|  |TAMS 0x0000000085c00000, 0x0000000085c00000| Untracked 
|  93|0x0000000085d00000, 0x0000000085d00000, 0x0000000085e00000|  0%| F|  |TAMS 0x0000000085d00000, 0x0000000085d00000| Untracked 
|  94|0x0000000085e00000, 0x0000000085e00000, 0x0000000085f00000|  0%| F|  |TAMS 0x0000000085e00000, 0x0000000085e00000| Untracked 
|  95|0x0000000085f00000, 0x0000000085f00000, 0x0000000086000000|  0%| F|  |TAMS 0x0000000085f00000, 0x0000000085f00000| Untracked 
|  96|0x0000000086000000, 0x0000000086000000, 0x0000000086100000|  0%| F|  |TAMS 0x0000000086000000, 0x0000000086000000| Untracked 
|  97|0x0000000086100000, 0x0000000086100000, 0x0000000086200000|  0%| F|  |TAMS 0x0000000086100000, 0x0000000086100000| Untracked 
|  98|0x0000000086200000, 0x0000000086200000, 0x0000000086300000|  0%| F|  |TAMS 0x0000000086200000, 0x0000000086200000| Untracked 
|  99|0x0000000086300000, 0x0000000086300000, 0x0000000086400000|  0%| F|  |TAMS 0x0000000086300000, 0x0000000086300000| Untracked 
| 100|0x0000000086400000, 0x0000000086400000, 0x0000000086500000|  0%| F|  |TAMS 0x0000000086400000, 0x0000000086400000| Untracked 
| 101|0x0000000086500000, 0x0000000086500000, 0x0000000086600000|  0%| F|  |TAMS 0x0000000086500000, 0x0000000086500000| Untracked 
| 102|0x0000000086600000, 0x0000000086600000, 0x0000000086700000|  0%| F|  |TAMS 0x0000000086600000, 0x0000000086600000| Untracked 
| 103|0x0000000086700000, 0x0000000086700000, 0x0000000086800000|  0%| F|  |TAMS 0x0000000086700000, 0x0000000086700000| Untracked 
| 104|0x0000000086800000, 0x0000000086800000, 0x0000000086900000|  0%| F|  |TAMS 0x0000000086800000, 0x0000000086800000| Untracked 
| 105|0x0000000086900000, 0x0000000086900000, 0x0000000086a00000|  0%| F|  |TAMS 0x0000000086900000, 0x0000000086900000| Untracked 
| 106|0x0000000086a00000, 0x0000000086b00000, 0x0000000086b00000|100%| E|  |TAMS 0x0000000086a00000, 0x0000000086a00000| Complete 
| 107|0x0000000086b00000, 0x0000000086c00000, 0x0000000086c00000|100%| E|CS|TAMS 0x0000000086b00000, 0x0000000086b00000| Complete 
| 108|0x0000000086c00000, 0x0000000086d00000, 0x0000000086d00000|100%| E|CS|TAMS 0x0000000086c00000, 0x0000000086c00000| Complete 
| 109|0x0000000086d00000, 0x0000000086e00000, 0x0000000086e00000|100%| E|CS|TAMS 0x0000000086d00000, 0x0000000086d00000| Complete 
| 110|0x0000000086e00000, 0x0000000086f00000, 0x0000000086f00000|100%| E|CS|TAMS 0x0000000086e00000, 0x0000000086e00000| Complete 
| 111|0x0000000086f00000, 0x0000000087000000, 0x0000000087000000|100%| E|CS|TAMS 0x0000000086f00000, 0x0000000086f00000| Complete 
| 112|0x0000000087000000, 0x0000000087100000, 0x0000000087100000|100%| E|CS|TAMS 0x0000000087000000, 0x0000000087000000| Complete 
| 113|0x0000000087100000, 0x0000000087200000, 0x0000000087200000|100%| E|CS|TAMS 0x0000000087100000, 0x0000000087100000| Complete 
| 114|0x0000000087200000, 0x0000000087300000, 0x0000000087300000|100%| E|CS|TAMS 0x0000000087200000, 0x0000000087200000| Complete 
| 115|0x0000000087300000, 0x0000000087400000, 0x0000000087400000|100%| E|CS|TAMS 0x0000000087300000, 0x0000000087300000| Complete 
| 116|0x0000000087400000, 0x0000000087500000, 0x0000000087500000|100%| E|CS|TAMS 0x0000000087400000, 0x0000000087400000| Complete 
| 117|0x0000000087500000, 0x0000000087600000, 0x0000000087600000|100%| E|CS|TAMS 0x0000000087500000, 0x0000000087500000| Complete 
| 118|0x0000000087600000, 0x0000000087700000, 0x0000000087700000|100%| E|CS|TAMS 0x0000000087600000, 0x0000000087600000| Complete 
| 119|0x0000000087700000, 0x0000000087800000, 0x0000000087800000|100%| E|CS|TAMS 0x0000000087700000, 0x0000000087700000| Complete 
| 120|0x0000000087800000, 0x0000000087900000, 0x0000000087900000|100%| E|CS|TAMS 0x0000000087800000, 0x0000000087800000| Complete 
| 121|0x0000000087900000, 0x0000000087a00000, 0x0000000087a00000|100%| E|CS|TAMS 0x0000000087900000, 0x0000000087900000| Complete 
| 122|0x0000000087a00000, 0x0000000087b00000, 0x0000000087b00000|100%| E|CS|TAMS 0x0000000087a00000, 0x0000000087a00000| Complete 
| 123|0x0000000087b00000, 0x0000000087c00000, 0x0000000087c00000|100%| E|CS|TAMS 0x0000000087b00000, 0x0000000087b00000| Complete 
| 124|0x0000000087c00000, 0x0000000087d00000, 0x0000000087d00000|100%| E|CS|TAMS 0x0000000087c00000, 0x0000000087c00000| Complete 
| 125|0x0000000087d00000, 0x0000000087e00000, 0x0000000087e00000|100%| E|CS|TAMS 0x0000000087d00000, 0x0000000087d00000| Complete 
| 126|0x0000000087e00000, 0x0000000087f00000, 0x0000000087f00000|100%| E|CS|TAMS 0x0000000087e00000, 0x0000000087e00000| Complete 
| 127|0x0000000087f00000, 0x0000000088000000, 0x0000000088000000|100%| E|CS|TAMS 0x0000000087f00000, 0x0000000087f00000| Complete 
| 128|0x0000000088000000, 0x0000000088100000, 0x0000000088100000|100%| E|CS|TAMS 0x0000000088000000, 0x0000000088000000| Complete 
| 129|0x0000000088100000, 0x0000000088200000, 0x0000000088200000|100%| E|CS|TAMS 0x0000000088100000, 0x0000000088100000| Complete 
| 130|0x0000000088200000, 0x0000000088300000, 0x0000000088300000|100%| E|CS|TAMS 0x0000000088200000, 0x0000000088200000| Complete 
| 131|0x0000000088300000, 0x0000000088400000, 0x0000000088400000|100%| E|CS|TAMS 0x0000000088300000, 0x0000000088300000| Complete 
| 132|0x0000000088400000, 0x0000000088500000, 0x0000000088500000|100%| E|CS|TAMS 0x0000000088400000, 0x0000000088400000| Complete 
| 133|0x0000000088500000, 0x0000000088600000, 0x0000000088600000|100%| E|CS|TAMS 0x0000000088500000, 0x0000000088500000| Complete 
| 134|0x0000000088600000, 0x0000000088700000, 0x0000000088700000|100%| E|CS|TAMS 0x0000000088600000, 0x0000000088600000| Complete 
| 135|0x0000000088700000, 0x0000000088800000, 0x0000000088800000|100%| E|CS|TAMS 0x0000000088700000, 0x0000000088700000| Complete 
| 136|0x0000000088800000, 0x0000000088900000, 0x0000000088900000|100%| E|CS|TAMS 0x0000000088800000, 0x0000000088800000| Complete 
| 137|0x0000000088900000, 0x0000000088a00000, 0x0000000088a00000|100%| E|CS|TAMS 0x0000000088900000, 0x0000000088900000| Complete 
| 138|0x0000000088a00000, 0x0000000088b00000, 0x0000000088b00000|100%| E|CS|TAMS 0x0000000088a00000, 0x0000000088a00000| Complete 
| 139|0x0000000088b00000, 0x0000000088c00000, 0x0000000088c00000|100%| E|CS|TAMS 0x0000000088b00000, 0x0000000088b00000| Complete 
| 140|0x0000000088c00000, 0x0000000088d00000, 0x0000000088d00000|100%| E|CS|TAMS 0x0000000088c00000, 0x0000000088c00000| Complete 
| 141|0x0000000088d00000, 0x0000000088e00000, 0x0000000088e00000|100%| E|CS|TAMS 0x0000000088d00000, 0x0000000088d00000| Complete 
| 142|0x0000000088e00000, 0x0000000088f00000, 0x0000000088f00000|100%| E|CS|TAMS 0x0000000088e00000, 0x0000000088e00000| Complete 
| 143|0x0000000088f00000, 0x0000000089000000, 0x0000000089000000|100%| E|CS|TAMS 0x0000000088f00000, 0x0000000088f00000| Complete 

Card table byte_map: [0x0000028f32fe0000,0x0000028f333e0000] _byte_map_base: 0x0000028f32be0000

Marking Bits (Prev, Next): (CMBitMap*) 0x0000028f1f890150, (CMBitMap*) 0x0000028f1f890118
 Prev Bits: [0x0000028f357e0000, 0x0000028f377e0000)
 Next Bits: [0x0000028f337e0000, 0x0000028f357e0000)

Polling page: 0x0000028f1d7a0000

Metaspace:

Usage:
  Non-class:     56.83 MB capacity,    55.63 MB ( 98%) used,     1.02 MB (  2%) free+waste,   186.50 KB ( <1%) overhead. 
      Class:      8.80 MB capacity,     8.13 MB ( 92%) used,   603.09 KB (  7%) free+waste,    88.44 KB ( <1%) overhead. 
       Both:     65.63 MB capacity,    63.75 MB ( 97%) used,     1.61 MB (  2%) free+waste,   274.94 KB ( <1%) overhead. 

Virtual space:
  Non-class space:       58.00 MB reserved,      56.83 MB ( 98%) committed 
      Class space:        1.00 GB reserved,       8.82 MB ( <1%) committed 
             Both:        1.06 GB reserved,      65.65 MB (  6%) committed 

Chunk freelists:
   Non-Class:  2.00 KB
       Class:  11.00 KB
        Both:  13.00 KB

MaxMetaspaceSize: 17179869184.00 GB
CompressedClassSpaceSize: 1.00 GB

CodeHeap 'non-profiled nmethods': size=119168Kb used=4516Kb max_used=4516Kb free=114651Kb
 bounds [0x0000028f2aee0000, 0x0000028f2b350000, 0x0000028f32340000]
CodeHeap 'profiled nmethods': size=119168Kb used=17007Kb max_used=17007Kb free=102160Kb
 bounds [0x0000028f23a80000, 0x0000028f24b20000, 0x0000028f2aee0000]
CodeHeap 'non-nmethods': size=7424Kb used=3942Kb max_used=3989Kb free=3481Kb
 bounds [0x0000028f23340000, 0x0000028f23730000, 0x0000028f23a80000]
 total_blobs=8813 nmethods=7969 adapters=752
 compilation: enabled
              stopped_count=0, restarted_count=0
 full_count=0

Compilation events (20 events):
Event: 11.749 Thread 0x0000028f3bef3000 8082       3       org.gradle.api.internal.collections.AbstractIterationOrderRetainingElementSource$Element::getValues (16 bytes)
Event: 11.750 Thread 0x0000028f3bef3000 nmethod 8082 0x0000028f24b0cf90 code [0x0000028f24b0d140, 0x0000028f24b0d2c8]
Event: 11.754 Thread 0x0000028f3b02a800 8083       3       com.google.common.reflect.TypeResolver$TypeTable$1::resolveInternal (33 bytes)
Event: 11.755 Thread 0x0000028f3b02a800 nmethod 8083 0x0000028f24b0d390 code [0x0000028f24b0d580, 0x0000028f24b0d9f8]
Event: 11.756 Thread 0x0000028f3b129000 8084       3       com.google.common.collect.AbstractMapBasedMultimap$WrappedCollection::iterator (13 bytes)
Event: 11.756 Thread 0x0000028f3bf8b000 8085       3       com.google.common.collect.AbstractMapBasedMultimap$WrappedCollection$WrappedIterator::<init> (32 bytes)
Event: 11.756 Thread 0x0000028f3bef3000 8086       3       com.google.common.collect.AbstractMapBasedMultimap::access$100 (5 bytes)
Event: 11.756 Thread 0x0000028f3b02a800 8087       3       com.google.common.collect.AbstractMapBasedMultimap::iteratorOrListIterator (26 bytes)
Event: 11.757 Thread 0x0000028f3bef3000 nmethod 8086 0x0000028f24b0db90 code [0x0000028f24b0dd80, 0x0000028f24b0e298]
Event: 11.757 Thread 0x0000028f3b02a800 nmethod 8087 0x0000028f24b0e410 code [0x0000028f24b0e600, 0x0000028f24b0eab8]
Event: 11.757 Thread 0x0000028f3b129000 nmethod 8084 0x0000028f24b0ec10 code [0x0000028f24b0ee40, 0x0000028f24b0f6a8]
Event: 11.757 Thread 0x0000028f3bf8b000 nmethod 8085 0x0000028f24b0f890 code [0x0000028f24b0faa0, 0x0000028f24b101b8]
Event: 11.766 Thread 0x0000028f3bef3000 8088       3       com.google.common.reflect.TypeResolver::resolveTypes (32 bytes)
Event: 11.768 Thread 0x0000028f3bef3000 nmethod 8088 0x0000028f24b10390 code [0x0000028f24b10560, 0x0000028f24b109a8]
Event: 11.769 Thread 0x0000028f3bf8b000 8089       3       com.google.common.collect.LinkedHashMultimap$ValueSet::iterator (9 bytes)
Event: 11.769 Thread 0x0000028f3b129000 8090       3       com.google.common.collect.LinkedHashMultimap$ValueSet$1::<init> (32 bytes)
Event: 11.769 Thread 0x0000028f3bef3000 8091       3       org.gradle.internal.instantiation.generator.AbstractClassGenerator$DslMixInPropertyType::findClosureOverload (109 bytes)
Event: 11.770 Thread 0x0000028f3b129000 nmethod 8090 0x0000028f24b10b10 code [0x0000028f24b10ce0, 0x0000028f24b10f38]
Event: 11.770 Thread 0x0000028f3bf8b000 nmethod 8089 0x0000028f24b11010 code [0x0000028f24b111e0, 0x0000028f24b114d8]
Event: 11.770 Thread 0x0000028f3bef3000 nmethod 8091 0x0000028f24b11610 code [0x0000028f24b11880, 0x0000028f24b12498]

GC Heap History (20 events):
Event: 4.554 GC heap before
{Heap before GC invocations=5 (full 0):
 garbage-first heap   total 122880K, used 81159K [0x0000000080000000, 0x0000000100000000)
  region size 1024K, 56 young (57344K), 3 survivors (3072K)
 Metaspace       used 30429K, capacity 31264K, committed 31484K, reserved 1077248K
  class space    used 4058K, capacity 4381K, committed 4428K, reserved 1048576K
}
Event: 4.560 GC heap after
{Heap after GC invocations=6 (full 0):
 garbage-first heap   total 122880K, used 32526K [0x0000000080000000, 0x0000000100000000)
  region size 1024K, 7 young (7168K), 7 survivors (7168K)
 Metaspace       used 30429K, capacity 31264K, committed 31484K, reserved 1077248K
  class space    used 4058K, capacity 4381K, committed 4428K, reserved 1048576K
}
Event: 4.972 GC heap before
{Heap before GC invocations=6 (full 0):
 garbage-first heap   total 122880K, used 55054K [0x0000000080000000, 0x0000000100000000)
  region size 1024K, 30 young (30720K), 7 survivors (7168K)
 Metaspace       used 34826K, capacity 35815K, committed 35964K, reserved 1081344K
  class space    used 4557K, capacity 4940K, committed 5068K, reserved 1048576K
}
Event: 4.985 GC heap after
{Heap after GC invocations=7 (full 0):
 garbage-first heap   total 122880K, used 34760K [0x0000000080000000, 0x0000000100000000)
  region size 1024K, 3 young (3072K), 3 survivors (3072K)
 Metaspace       used 34826K, capacity 35815K, committed 35964K, reserved 1081344K
  class space    used 4557K, capacity 4940K, committed 5068K, reserved 1048576K
}
Event: 5.573 GC heap before
{Heap before GC invocations=8 (full 0):
 garbage-first heap   total 122880K, used 78792K [0x0000000080000000, 0x0000000100000000)
  region size 1024K, 44 young (45056K), 3 survivors (3072K)
 Metaspace       used 39779K, capacity 40887K, committed 41244K, reserved 1085440K
  class space    used 5037K, capacity 5453K, committed 5580K, reserved 1048576K
}
Event: 5.582 GC heap after
{Heap after GC invocations=9 (full 0):
 garbage-first heap   total 147456K, used 38321K [0x0000000080000000, 0x0000000100000000)
  region size 1024K, 6 young (6144K), 6 survivors (6144K)
 Metaspace       used 39779K, capacity 40887K, committed 41244K, reserved 1085440K
  class space    used 5037K, capacity 5453K, committed 5580K, reserved 1048576K
}
Event: 6.464 GC heap before
{Heap before GC invocations=10 (full 0):
 garbage-first heap   total 147456K, used 91569K [0x0000000080000000, 0x0000000100000000)
  region size 1024K, 58 young (59392K), 6 survivors (6144K)
 Metaspace       used 45223K, capacity 46331K, committed 46492K, reserved 1089536K
  class space    used 5909K, capacity 6373K, committed 6476K, reserved 1048576K
}
Event: 6.472 GC heap after
{Heap after GC invocations=11 (full 0):
 garbage-first heap   total 147456K, used 40850K [0x0000000080000000, 0x0000000100000000)
  region size 1024K, 7 young (7168K), 7 survivors (7168K)
 Metaspace       used 45223K, capacity 46331K, committed 46492K, reserved 1089536K
  class space    used 5909K, capacity 6373K, committed 6476K, reserved 1048576K
}
Event: 6.752 GC heap before
{Heap before GC invocations=11 (full 0):
 garbage-first heap   total 147456K, used 96146K [0x0000000080000000, 0x0000000100000000)
  region size 1024K, 61 young (62464K), 7 survivors (7168K)
 Metaspace       used 45468K, capacity 46596K, committed 46748K, reserved 1089536K
  class space    used 5919K, capacity 6376K, committed 6476K, reserved 1048576K
}
Event: 6.760 GC heap after
{Heap after GC invocations=12 (full 0):
 garbage-first heap   total 147456K, used 42884K [0x0000000080000000, 0x0000000100000000)
  region size 1024K, 5 young (5120K), 5 survivors (5120K)
 Metaspace       used 45468K, capacity 46596K, committed 46748K, reserved 1089536K
  class space    used 5919K, capacity 6376K, committed 6476K, reserved 1048576K
}
Event: 7.618 GC heap before
{Heap before GC invocations=12 (full 0):
 garbage-first heap   total 147456K, used 104324K [0x0000000080000000, 0x0000000100000000)
  region size 1024K, 62 young (63488K), 5 survivors (5120K)
 Metaspace       used 48389K, capacity 49613K, committed 49820K, reserved 1093632K
  class space    used 6220K, capacity 6712K, committed 6732K, reserved 1048576K
}
Event: 7.625 GC heap after
{Heap after GC invocations=13 (full 0):
 garbage-first heap   total 147456K, used 49544K [0x0000000080000000, 0x0000000100000000)
  region size 1024K, 6 young (6144K), 6 survivors (6144K)
 Metaspace       used 48389K, capacity 49613K, committed 49820K, reserved 1093632K
  class space    used 6220K, capacity 6712K, committed 6732K, reserved 1048576K
}
Event: 8.215 GC heap before
{Heap before GC invocations=13 (full 0):
 garbage-first heap   total 147456K, used 106888K [0x0000000080000000, 0x0000000100000000)
  region size 1024K, 61 young (62464K), 6 survivors (6144K)
 Metaspace       used 50711K, capacity 52198K, committed 52380K, reserved 1095680K
  class space    used 6380K, capacity 6909K, committed 6988K, reserved 1048576K
}
Event: 8.221 GC heap after
{Heap after GC invocations=14 (full 0):
 garbage-first heap   total 147456K, used 50960K [0x0000000080000000, 0x0000000100000000)
  region size 1024K, 6 young (6144K), 6 survivors (6144K)
 Metaspace       used 50711K, capacity 52198K, committed 52380K, reserved 1095680K
  class space    used 6380K, capacity 6909K, committed 6988K, reserved 1048576K
}
Event: 9.061 GC heap before
{Heap before GC invocations=14 (full 0):
 garbage-first heap   total 147456K, used 112400K [0x0000000080000000, 0x0000000100000000)
  region size 1024K, 62 young (63488K), 6 survivors (6144K)
 Metaspace       used 53259K, capacity 54801K, committed 55068K, reserved 1097728K
  class space    used 6790K, capacity 7349K, committed 7372K, reserved 1048576K
}
Event: 9.068 GC heap after
{Heap after GC invocations=15 (full 0):
 garbage-first heap   total 147456K, used 59415K [0x0000000080000000, 0x0000000100000000)
  region size 1024K, 6 young (6144K), 6 survivors (6144K)
 Metaspace       used 53259K, capacity 54801K, committed 55068K, reserved 1097728K
  class space    used 6790K, capacity 7349K, committed 7372K, reserved 1048576K
}
Event: 10.006 GC heap before
{Heap before GC invocations=15 (full 0):
 garbage-first heap   total 147456K, used 112663K [0x0000000080000000, 0x0000000100000000)
  region size 1024K, 58 young (59392K), 6 survivors (6144K)
 Metaspace       used 56218K, capacity 57967K, committed 58140K, reserved 1099776K
  class space    used 7204K, capacity 7823K, committed 7884K, reserved 1048576K
}
Event: 10.014 GC heap after
{Heap after GC invocations=16 (full 0):
 garbage-first heap   total 147456K, used 61798K [0x0000000080000000, 0x0000000100000000)
  region size 1024K, 7 young (7168K), 7 survivors (7168K)
 Metaspace       used 56218K, capacity 57967K, committed 58140K, reserved 1099776K
  class space    used 7204K, capacity 7823K, committed 7884K, reserved 1048576K
}
Event: 11.079 GC heap before
{Heap before GC invocations=16 (full 0):
 garbage-first heap   total 147456K, used 119142K [0x0000000080000000, 0x0000000100000000)
  region size 1024K, 59 young (60416K), 7 survivors (7168K)
 Metaspace       used 59851K, capacity 61638K, committed 61724K, reserved 1103872K
  class space    used 7644K, capacity 8311K, committed 8396K, reserved 1048576K
}
Event: 11.088 GC heap after
{Heap after GC invocations=17 (full 0):
 garbage-first heap   total 147456K, used 73271K [0x0000000080000000, 0x0000000100000000)
  region size 1024K, 8 young (8192K), 8 survivors (8192K)
 Metaspace       used 59851K, capacity 61638K, committed 61724K, reserved 1103872K
  class space    used 7644K, capacity 8311K, committed 8396K, reserved 1048576K
}

Deoptimization events (20 events):
Event: 11.314 Thread 0x0000028f3c6ec800 DEOPT PACKING pc=0x0000028f23d26297 sp=0x000000c5200f63c0
Event: 11.314 Thread 0x0000028f3c6ec800 DEOPT UNPACKING pc=0x0000028f23366dde sp=0x000000c5200f5948 mode 0
Event: 11.314 Thread 0x0000028f3c6ec800 DEOPT PACKING pc=0x0000028f23d26297 sp=0x000000c5200f64c0
Event: 11.314 Thread 0x0000028f3c6ec800 DEOPT UNPACKING pc=0x0000028f23366dde sp=0x000000c5200f5a48 mode 0
Event: 11.315 Thread 0x0000028f3c6ec800 DEOPT PACKING pc=0x0000028f23d26297 sp=0x000000c5200f66a0
Event: 11.315 Thread 0x0000028f3c6ec800 DEOPT UNPACKING pc=0x0000028f23366dde sp=0x000000c5200f5c28 mode 0
Event: 11.316 Thread 0x0000028f3c6ec800 DEOPT PACKING pc=0x0000028f23d26297 sp=0x000000c5200f6330
Event: 11.316 Thread 0x0000028f3c6ec800 DEOPT UNPACKING pc=0x0000028f23366dde sp=0x000000c5200f58b8 mode 0
Event: 11.408 Thread 0x0000028f3c6ec800 Uncommon trap: trap_request=0xffffff4d fr.pc=0x0000028f2b225804 relative=0x0000000000000324
Event: 11.408 Thread 0x0000028f3c6ec800 Uncommon trap: reason=unstable_if action=reinterpret pc=0x0000028f2b225804 method=org.gradle.internal.instantiation.generator.AbstractClassGenerator$InjectionAnnotationValidator.validateMethod(Ljava/lang/reflect/Method;Lorg/gradle/internal/reflect/Propert
Event: 11.408 Thread 0x0000028f3c6ec800 DEOPT PACKING pc=0x0000028f2b225804 sp=0x000000c5200f7a20
Event: 11.408 Thread 0x0000028f3c6ec800 DEOPT UNPACKING pc=0x0000028f2336662f sp=0x000000c5200f79e8 mode 2
Event: 11.408 Thread 0x0000028f3c6ec800 Uncommon trap: trap_request=0xffffff4d fr.pc=0x0000028f2b3377fc relative=0x000000000000063c
Event: 11.408 Thread 0x0000028f3c6ec800 Uncommon trap: reason=unstable_if action=reinterpret pc=0x0000028f2b3377fc method=org.gradle.internal.instantiation.generator.AbstractClassGenerator$InjectionAnnotationValidator.validateMethod(Ljava/lang/reflect/Method;Lorg/gradle/internal/reflect/Propert
Event: 11.408 Thread 0x0000028f3c6ec800 DEOPT PACKING pc=0x0000028f2b3377fc sp=0x000000c5200f7960
Event: 11.408 Thread 0x0000028f3c6ec800 DEOPT UNPACKING pc=0x0000028f2336662f sp=0x000000c5200f7950 mode 2
Event: 11.567 Thread 0x0000028f3c6ec800 Uncommon trap: trap_request=0xffffffde fr.pc=0x0000028f2b0e73b0 relative=0x00000000000014b0
Event: 11.567 Thread 0x0000028f3c6ec800 Uncommon trap: reason=class_check action=maybe_recompile pc=0x0000028f2b0e73b0 method=jdk.internal.loader.BuiltinClassLoader.loadClassOrNull(Ljava/lang/String;Z)Ljava/lang/Class; @ 86 c2
Event: 11.567 Thread 0x0000028f3c6ec800 DEOPT PACKING pc=0x0000028f2b0e73b0 sp=0x000000c5200f5f10
Event: 11.567 Thread 0x0000028f3c6ec800 DEOPT UNPACKING pc=0x0000028f2336662f sp=0x000000c5200f5ed8 mode 2

Classes redefined (0 events):
No events

Internal exceptions (20 events):
Event: 10.442 Thread 0x0000028f3c6ec800 Exception <a 'java/security/PrivilegedActionException'{0x0000000087c8bdc8}> (0x0000000087c8bdc8) thrown at [./src/hotspot/share/prims/jvm.cpp, line 1306]
Event: 10.581 Thread 0x0000028f3c6ec800 Exception <a 'java/lang/ClassNotFoundException'{0x00000000877bdba0}: org/gradle/api/tasks/Delete_DecoratedBeanInfo> (0x00000000877bdba0) thrown at [./src/hotspot/share/classfile/systemDictionary.cpp, line 231]
Event: 10.582 Thread 0x0000028f3c6ec800 Exception <a 'java/lang/ClassNotFoundException'{0x00000000877e7b60}: org/gradle/api/tasks/DeleteBeanInfo> (0x00000000877e7b60) thrown at [./src/hotspot/share/classfile/systemDictionary.cpp, line 231]
Event: 10.583 Thread 0x0000028f3c6ec800 Exception <a 'java/lang/ClassNotFoundException'{0x0000000087615990}: org/gradle/api/internal/ConventionTaskBeanInfo> (0x0000000087615990) thrown at [./src/hotspot/share/classfile/systemDictionary.cpp, line 231]
Event: 10.584 Thread 0x0000028f3c6ec800 Exception <a 'java/lang/ClassNotFoundException'{0x000000008763f340}: org/gradle/api/DefaultTaskBeanInfo> (0x000000008763f340) thrown at [./src/hotspot/share/classfile/systemDictionary.cpp, line 231]
Event: 10.585 Thread 0x0000028f3c6ec800 Exception <a 'java/lang/ClassNotFoundException'{0x000000008766cc98}: org/gradle/api/internal/AbstractTaskBeanInfo> (0x000000008766cc98) thrown at [./src/hotspot/share/classfile/systemDictionary.cpp, line 231]
Event: 10.585 Thread 0x0000028f3c6ec800 Exception <a 'java/lang/ClassNotFoundException'{0x000000008769ad40}: org/gradle/api/internal/AbstractTaskCustomizer> (0x000000008769ad40) thrown at [./src/hotspot/share/classfile/systemDictionary.cpp, line 231]
Event: 10.589 Thread 0x0000028f3c6ec800 Exception <a 'java/lang/ClassNotFoundException'{0x000000008750e448}: org/gradle/api/DefaultTaskCustomizer> (0x000000008750e448) thrown at [./src/hotspot/share/classfile/systemDictionary.cpp, line 231]
Event: 10.592 Thread 0x0000028f3c6ec800 Exception <a 'java/lang/ClassNotFoundException'{0x0000000087590170}: org/gradle/api/internal/ConventionTaskCustomizer> (0x0000000087590170) thrown at [./src/hotspot/share/classfile/systemDictionary.cpp, line 231]
Event: 10.593 Thread 0x0000028f3c6ec800 Exception <a 'java/lang/ClassNotFoundException'{0x00000000875c8918}: org/gradle/api/tasks/DeleteCustomizer> (0x00000000875c8918) thrown at [./src/hotspot/share/classfile/systemDictionary.cpp, line 231]
Event: 10.596 Thread 0x0000028f3c6ec800 Exception <a 'java/lang/ClassNotFoundException'{0x0000000087407d78}: org/gradle/api/tasks/Delete_DecoratedCustomizer> (0x0000000087407d78) thrown at [./src/hotspot/share/classfile/systemDictionary.cpp, line 231]
Event: 10.625 Thread 0x0000028f3c6ec800 Exception <a 'java/lang/ClassNotFoundException'{0x000000008732f588}: build_40hf1lljgdwwbp275uayomt8lBeanInfo> (0x000000008732f588) thrown at [./src/hotspot/share/classfile/systemDictionary.cpp, line 231]
Event: 10.625 Thread 0x0000028f3c6ec800 Exception <a 'java/lang/ClassNotFoundException'{0x000000008733a540}: build_40hf1lljgdwwbp275uayomt8lCustomizer> (0x000000008733a540) thrown at [./src/hotspot/share/classfile/systemDictionary.cpp, line 231]
Event: 10.840 Thread 0x0000028f3c6ec800 Exception <a 'java/lang/NoSuchMethodError'{0x00000000868378f8}: 'java.lang.Object java.lang.invoke.DirectMethodHandle$Holder.invokeStatic(java.lang.Object, java.lang.Object, java.lang.Object, java.lang.Object, int)'> (0x00000000868378f8) thrown at [./src/hotspot/share/interpreter/linkResolver.cpp, line 773]
Event: 10.841 Thread 0x0000028f3c6ec800 Exception <a 'java/lang/NoSuchMethodError'{0x000000008683c2f0}: 'java.lang.Object java.lang.invoke.DirectMethodHandle$Holder.invokeSpecial(java.lang.Object, java.lang.Object, java.lang.Object, java.lang.Object, java.lang.Object, int)'> (0x000000008683c2f0) thrown at [./src/hotspot/share/interpreter/linkResolver.cpp, line 773]
Event: 10.841 Thread 0x0000028f3c6ec800 Exception <a 'java/lang/NoSuchMethodError'{0x0000000086840930}: 'java.lang.Object java.lang.invoke.Invokers$Holder.linkToTargetMethod(java.lang.Object, java.lang.Object, java.lang.Object, int, java.lang.Object)'> (0x0000000086840930) thrown at [./src/hotspot/share/interpreter/linkResolver.cpp, line 773]
Event: 11.134 Thread 0x0000028f3c6ec800 Exception <a 'java/lang/NoSuchMethodError'{0x0000000088d1cd38}: 'java.lang.Object java.lang.invoke.DirectMethodHandle$Holder.invokeSpecial(java.lang.Object, java.lang.Object, int, int, java.lang.Object, java.lang.Object, java.lang.Object)'> (0x0000000088d1cd38) thrown at [./src/hotspot/share/interpreter/linkResolver.cpp, line 773]
Event: 11.135 Thread 0x0000028f3c6ec800 Exception <a 'java/lang/NoSuchMethodError'{0x0000000088d212b8}: 'java.lang.Object java.lang.invoke.DelegatingMethodHandle$Holder.reinvoke_L(java.lang.Object, int, int, java.lang.Object, java.lang.Object, java.lang.Object)'> (0x0000000088d212b8) thrown at [./src/hotspot/share/interpreter/linkResolver.cpp, line 773]
Event: 11.396 Thread 0x0000028f3c6ec800 Exception <a 'java/lang/NoSuchMethodError'{0x000000008817d800}: 'int java.lang.invoke.DirectMethodHandle$Holder.invokeInterface(java.lang.Object, java.lang.Object, java.lang.Object, java.lang.Object)'> (0x000000008817d800) thrown at [./src/hotspot/share/interpreter/linkResolver.cpp, line 773]
Event: 11.641 Thread 0x0000028f3c6ec800 Exception <a 'java/lang/NoSuchMethodError'{0x00000000872dcea0}: 'void java.lang.invoke.DirectMethodHandle$Holder.invokeInterface(java.lang.Object, java.lang.Object, java.lang.Object, java.lang.Object)'> (0x00000000872dcea0) thrown at [./src/hotspot/share/interpreter/linkResolver.cpp, line 773]

Events (20 events):
Event: 11.745 loading class org/gradle/api/artifacts/Configuration
Event: 11.745 loading class org/gradle/api/artifacts/Configuration done
Event: 11.746 loading class org/gradle/api/Task
Event: 11.746 loading class org/gradle/api/Task done
Event: 11.746 loading class org/gradle/api/Task
Event: 11.746 loading class org/gradle/api/Task done
Event: 11.746 loading class org/gradle/api/Action
Event: 11.746 loading class org/gradle/api/Action done
Event: 11.748 loading class org/gradle/api/plugins/JvmEcosystemPlugin
Event: 11.748 loading class org/gradle/api/plugins/JvmEcosystemPlugin done
Event: 11.750 loading class org/gradle/api/internal/tasks/DefaultSourceSetContainer
Event: 11.750 loading class org/gradle/api/internal/tasks/DefaultSourceSetContainer done
Event: 11.759 loading class org/gradle/api/internal/tasks/DefaultSourceSetContainer$1
Event: 11.759 loading class org/gradle/api/internal/tasks/DefaultSourceSetContainer$1 done
Event: 11.761 loading class org/gradle/api/internal/artifacts/type/DefaultArtifactTypeContainer
Event: 11.761 loading class org/gradle/api/internal/artifacts/type/DefaultArtifactTypeContainer done
Event: 11.763 loading class org/gradle/api/artifacts/type/ArtifactTypeDefinition
Event: 11.763 loading class org/gradle/api/artifacts/type/ArtifactTypeDefinition done
Event: 11.771 loading class org/gradle/api/internal/artifacts/type/DefaultArtifactTypeContainer$DefaultArtifactTypeDefinition
Event: 11.771 loading class org/gradle/api/internal/artifacts/type/DefaultArtifactTypeContainer$DefaultArtifactTypeDefinition done


Dynamic libraries:
0x00007ff611030000 - 0x00007ff61103a000 	C:\Program Files\Android\Android Studio\jre\bin\java.exe
0x00007ff836af0000 - 0x00007ff836d01000 	C:\WINDOWS\SYSTEM32\ntdll.dll
0x00007ff835520000 - 0x00007ff8355e2000 	C:\WINDOWS\System32\KERNEL32.DLL
0x00007ff834360000 - 0x00007ff8346fb000 	C:\WINDOWS\System32\KERNELBASE.dll
0x00007ff834000000 - 0x00007ff834111000 	C:\WINDOWS\System32\ucrtbase.dll
0x00007ff8248d0000 - 0x00007ff8248e9000 	C:\Program Files\Android\Android Studio\jre\bin\jli.dll
0x00007ff8247f0000 - 0x00007ff824807000 	C:\Program Files\Android\Android Studio\jre\bin\VCRUNTIME140.dll
0x00007ff834d20000 - 0x00007ff834ec6000 	C:\WINDOWS\System32\USER32.dll
0x00007ff820490000 - 0x00007ff820734000 	C:\WINDOWS\WinSxS\amd64_microsoft.windows.common-controls_6595b64144ccf1df_6.0.22581.1_none_5efe8a4b9dcf743d\COMCTL32.dll
0x00007ff834290000 - 0x00007ff8342b6000 	C:\WINDOWS\System32\win32u.dll
0x00007ff835d30000 - 0x00007ff835d59000 	C:\WINDOWS\System32\GDI32.dll
0x00007ff835470000 - 0x00007ff835515000 	C:\WINDOWS\System32\msvcrt.dll
0x00007ff834700000 - 0x00007ff834818000 	C:\WINDOWS\System32\gdi32full.dll
0x00007ff8342c0000 - 0x00007ff83435a000 	C:\WINDOWS\System32\msvcp_win.dll
0x00007ff836260000 - 0x00007ff836291000 	C:\WINDOWS\System32\IMM32.DLL
0x00007ff822ad0000 - 0x00007ff822b6d000 	C:\Program Files\Android\Android Studio\jre\bin\msvcp140.dll
0x00007fffe2da0000 - 0x00007fffe3875000 	C:\Program Files\Android\Android Studio\jre\bin\server\jvm.dll
0x00007ff834990000 - 0x00007ff834a3e000 	C:\WINDOWS\System32\ADVAPI32.dll
0x00007ff835670000 - 0x00007ff835716000 	C:\WINDOWS\System32\sechost.dll
0x00007ff834c00000 - 0x00007ff834d15000 	C:\WINDOWS\System32\RPCRT4.dll
0x00007ff835dc0000 - 0x00007ff835dc8000 	C:\WINDOWS\System32\PSAPI.DLL
0x00007ff82cbd0000 - 0x00007ff82cbda000 	C:\WINDOWS\SYSTEM32\VERSION.dll
0x00007ff82b250000 - 0x00007ff82b284000 	C:\WINDOWS\SYSTEM32\WINMM.dll
0x00007ff81d9a0000 - 0x00007ff81d9a9000 	C:\WINDOWS\SYSTEM32\WSOCK32.dll
0x00007ff8355f0000 - 0x00007ff835661000 	C:\WINDOWS\System32\WS2_32.dll
0x00007ff832fc0000 - 0x00007ff832fd8000 	C:\WINDOWS\SYSTEM32\kernel.appcore.dll
0x00007ff82f3c0000 - 0x00007ff82f3d1000 	C:\Program Files\Android\Android Studio\jre\bin\verify.dll
0x00007ff831b80000 - 0x00007ff831dae000 	C:\WINDOWS\SYSTEM32\DBGHELP.DLL
0x00007ff835ee0000 - 0x00007ff836255000 	C:\WINDOWS\System32\combase.dll
0x00007ff834ff0000 - 0x00007ff8350c7000 	C:\WINDOWS\System32\OLEAUT32.dll
0x00007ff82ae20000 - 0x00007ff82ae52000 	C:\WINDOWS\SYSTEM32\dbgcore.DLL
0x00007ff834820000 - 0x00007ff83489b000 	C:\WINDOWS\System32\bcryptPrimitives.dll
0x00007ff82e8a0000 - 0x00007ff82e8c9000 	C:\Program Files\Android\Android Studio\jre\bin\java.dll
0x00007ff830fb0000 - 0x00007ff830fbb000 	C:\Program Files\Android\Android Studio\jre\bin\jimage.dll
0x00007ff82f3a0000 - 0x00007ff82f3b8000 	C:\Program Files\Android\Android Studio\jre\bin\zip.dll
0x00007ff8362a0000 - 0x00007ff836a83000 	C:\WINDOWS\System32\SHELL32.dll
0x00007ff831f90000 - 0x00007ff832828000 	C:\WINDOWS\SYSTEM32\windows.storage.dll
0x00007ff831e50000 - 0x00007ff831f8d000 	C:\WINDOWS\SYSTEM32\wintypes.dll
0x00007ff834ed0000 - 0x00007ff834fc1000 	C:\WINDOWS\System32\SHCORE.dll
0x00007ff835d60000 - 0x00007ff835dbe000 	C:\WINDOWS\System32\shlwapi.dll
0x00007ff833e70000 - 0x00007ff833e91000 	C:\WINDOWS\SYSTEM32\profapi.dll
0x00007ff82f370000 - 0x00007ff82f38a000 	C:\Program Files\Android\Android Studio\jre\bin\net.dll
0x00007ff82e750000 - 0x00007ff82e862000 	C:\WINDOWS\SYSTEM32\WINHTTP.dll
0x00007ff833420000 - 0x00007ff833489000 	C:\WINDOWS\system32\mswsock.dll
0x00007ff82cb20000 - 0x00007ff82cb34000 	C:\Program Files\Android\Android Studio\jre\bin\nio.dll
0x00007ff824910000 - 0x00007ff824937000 	C:\Users\19520\.gradle\native\e1d6ef7f7dcc3fd88c89a11ec53ec762bb8ba0a96d01ffa2cd45eb1d1d8dd5c5\windows-amd64\native-platform.dll
0x00007ff80f030000 - 0x00007ff80f174000 	C:\Users\19520\.gradle\native\5664cfc778a61ccfe75a443a1ab52a65af34e5dc3c78e0209fed803814484fcb\windows-amd64\native-platform-file-events.dll
0x00007ff830f20000 - 0x00007ff830f2a000 	C:\Program Files\Android\Android Studio\jre\bin\management.dll
0x00007ff830850000 - 0x00007ff83085d000 	C:\Program Files\Android\Android Studio\jre\bin\management_ext.dll
0x00007ff833690000 - 0x00007ff8336ab000 	C:\WINDOWS\SYSTEM32\CRYPTSP.dll
0x00007ff832f20000 - 0x00007ff832f55000 	C:\WINDOWS\system32\rsaenh.dll
0x00007ff833540000 - 0x00007ff833568000 	C:\WINDOWS\SYSTEM32\USERENV.dll
0x00007ff833870000 - 0x00007ff833898000 	C:\WINDOWS\SYSTEM32\bcrypt.dll
0x00007ff8336b0000 - 0x00007ff8336bc000 	C:\WINDOWS\SYSTEM32\CRYPTBASE.dll
0x00007ff832a70000 - 0x00007ff832a9d000 	C:\WINDOWS\SYSTEM32\IPHLPAPI.DLL
0x00007ff834fe0000 - 0x00007ff834fe9000 	C:\WINDOWS\System32\NSI.dll
0x00007ff82e5f0000 - 0x00007ff82e609000 	C:\WINDOWS\SYSTEM32\dhcpcsvc6.DLL
0x00007ff82e5d0000 - 0x00007ff82e5ef000 	C:\WINDOWS\SYSTEM32\dhcpcsvc.DLL
0x00007ff832aa0000 - 0x00007ff832b95000 	C:\WINDOWS\SYSTEM32\DNSAPI.dll

dbghelp: loaded successfully - version: 4.0.5 - missing functions: none
symbol engine: initialized successfully - sym options: 0x614 - pdb path: .;C:\Program Files\Android\Android Studio\jre\bin;C:\WINDOWS\SYSTEM32;C:\WINDOWS\WinSxS\amd64_microsoft.windows.common-controls_6595b64144ccf1df_6.0.22581.1_none_5efe8a4b9dcf743d;C:\Program Files\Android\Android Studio\jre\bin\server;C:\Users\19520\.gradle\native\e1d6ef7f7dcc3fd88c89a11ec53ec762bb8ba0a96d01ffa2cd45eb1d1d8dd5c5\windows-amd64;C:\Users\19520\.gradle\native\5664cfc778a61ccfe75a443a1ab52a65af34e5dc3c78e0209fed803814484fcb\windows-amd64

VM Arguments:
jvm_args: --add-opens=java.base/java.util=ALL-UNNAMED --add-opens=java.base/java.lang=ALL-UNNAMED --add-opens=java.base/java.lang.invoke=ALL-UNNAMED --add-opens=java.base/java.util=ALL-UNNAMED --add-opens=java.prefs/java.util.prefs=ALL-UNNAMED --add-opens=java.prefs/java.util.prefs=ALL-UNNAMED --add-opens=java.base/java.nio.charset=ALL-UNNAMED --add-opens=java.base/java.net=ALL-UNNAMED --add-opens=java.base/java.util.concurrent.atomic=ALL-UNNAMED -Xmx2048m -Dfile.encoding=UTF-8 -Duser.country=US -Duser.language=en -Duser.variant 
java_command: org.gradle.launcher.daemon.bootstrap.GradleDaemon 7.2
java_class_path (initial): C:\Users\19520\.gradle\wrapper\dists\gradle-7.2-bin\2dnblmf4td7x66yl1d74lt32g\gradle-7.2\lib\gradle-launcher-7.2.jar
Launcher Type: SUN_STANDARD

[Global flags]
     intx CICompilerCount                          = 12                                        {product} {ergonomic}
     uint ConcGCThreads                            = 3                                         {product} {ergonomic}
     uint G1ConcRefinementThreads                  = 13                                        {product} {ergonomic}
   size_t G1HeapRegionSize                         = 1048576                                   {product} {ergonomic}
    uintx GCDrainStackTargetSize                   = 64                                        {product} {ergonomic}
   size_t InitialHeapSize                          = 125829120                                 {product} {ergonomic}
   size_t MarkStackSize                            = 4194304                                   {product} {ergonomic}
   size_t MaxHeapSize                              = 2147483648                                {product} {command line}
   size_t MaxNewSize                               = 1287651328                                {product} {ergonomic}
   size_t MinHeapDeltaBytes                        = 1048576                                   {product} {ergonomic}
    uintx NonNMethodCodeHeapSize                   = 7594288                                {pd product} {ergonomic}
    uintx NonProfiledCodeHeapSize                  = 122031976                              {pd product} {ergonomic}
    uintx ProfiledCodeHeapSize                     = 122031976                              {pd product} {ergonomic}
    uintx ReservedCodeCacheSize                    = 251658240                              {pd product} {ergonomic}
     bool SegmentedCodeCache                       = true                                      {product} {ergonomic}
     bool UseCompressedClassPointers               = true                                 {lp64_product} {ergonomic}
     bool UseCompressedOops                        = true                                 {lp64_product} {ergonomic}
     bool UseG1GC                                  = true                                      {product} {ergonomic}
     bool UseLargePagesIndividualAllocation        = false                                  {pd product} {ergonomic}

Logging:
Log output configuration:
 #0: stdout all=warning uptime,level,tags
 #1: stderr all=off uptime,level,tags

Environment Variables:
PATH=C:\Windows\system32;C:\Windows;C:\Windows\System32\Wbem;C:\Windows\System32\WindowsPowerShell\v1.0\;C:\Windows\System32\OpenSSH\;C:\Program Files\Microsoft SQL Server\130\Tools\Binn\;C:\Program Files\Microsoft SQL Server\Client SDK\ODBC\170\Tools\Binn\;C:\Program Files (x86)\NVIDIA Corporation\PhysX\Common;C:\Program Files\R\R-4.1.2\bin;C:\Users\19520\AppData\Local\Programs\Python\Python39;C:\Users\19520\AppData\Local\Programs\Python\Python39\Scripts;C:\Program Files (x86)\Microsoft SQL Server\150\Tools\Binn\;C:\Program Files\Microsoft SQL Server\150\Tools\Binn\;C:\Program Files\Microsoft SQL Server\150\DTS\Binn\;C:\Program Files (x86)\Microsoft SQL Server\150\DTS\Binn\;C:\Program Files\Azure Data Studio\bin;C:\Program Files\dotnet\;C:\Program Files (x86)\Microsoft SQL Server\110\DTS\Binn\;C:\Program Files (x86)\Microsoft SQL Server\120\DTS\Binn\;C:\Program Files (x86)\Microsoft SQL Server\130\DTS\Binn\;C:\Program Files (x86)\Microsoft SQL Server\140\DTS\Binn\;%SystemRoot%\system32;%SystemRoot%;%SystemRoot%\System32\Wbem;%SYSTEMROOT%\System32\WindowsPowerShell\v1.0\;%SYSTEMROOT%\System32\OpenSSH\;C:\Users\19520\AppData\Local\Programs\Python\Python39\Scripts\;C:\Users\19520\AppData\Local\Programs\Python\Python39\;C:\Users\19520\AppData\Local\Microsoft\WindowsApps;C:\Users\19520\AppData\Local\Programs\Microsoft VS Code\bin;C:\Program Files\Azure Data Studio\bin;C:\Users\19520\.dotnet\tools;
USERNAME=19520
OS=Windows_NT
PROCESSOR_IDENTIFIER=AMD64 Family 23 Model 96 Stepping 1, AuthenticAMD



---------------  S Y S T E M  ---------------

OS: Windows 10 , 64 bit Build 22581 (10.0.22581.1)
OS uptime: 0 days 6:09 hours
Hyper-V role detected

CPU:total 16 (initial active 16) (16 cores per cpu, 2 threads per core) family 23 model 96 stepping 1 microcode 0x0, cmov, cx8, fxsr, mmx, sse, sse2, sse3, ssse3, sse4.1, sse4.2, popcnt, avx, avx2, aes, clmul, mmxext, 3dnowpref, lzcnt, sse4a, ht, tsc, tscinvbit, tscinv, bmi1, bmi2, adx, 

Memory: 4k page, system-wide physical 7600M (412M free)
TotalPageFile size 11696M (AvailPageFile size 5M)
current process WorkingSet (physical memory assigned to process): 364M, peak: 364M
current process commit charge ("private bytes"): 414M, peak: 416M

vm_info: OpenJDK 64-Bit Server VM (11.0.11+9-b60-7590822) for windows-amd64 JRE (11.0.11+9-b60-7590822), built on Jul 29 2021 21:43:44 by "builder" with MS VC++ 14.0 (VS2015)

END.
